<?xml version="1.0" encoding="UTF-8"?>
<testsuite name="br.com.diogenes.maxclubcard.entrypoint.procuder.impl.ProducerServiceImplIntegrationTest" tests="1" skipped="0" failures="0" errors="0" timestamp="2024-07-09T03:29:07" hostname="PPM-JAMF-10280" time="0.853">
  <properties/>
  <testcase name="shouldSendMessageToKafka()" classname="br.com.diogenes.maxclubcard.entrypoint.procuder.impl.ProducerServiceImplIntegrationTest" time="0.853"/>
  <system-out><![CDATA[2024-07-09T00:29:04.153-03:00  INFO 79319 --- [maxclubcard] [    Test worker] t.c.s.AnnotationConfigContextLoaderUtils : Could not detect default configuration classes for test class [br.com.diogenes.maxclubcard.entrypoint.procuder.impl.ProducerServiceImplIntegrationTest]: ProducerServiceImplIntegrationTest does not declare any static, non-private, non-final, nested classes annotated with @Configuration.
2024-07-09T00:29:04.195-03:00  INFO 79319 --- [maxclubcard] [    Test worker] .b.t.c.SpringBootTestContextBootstrapper : Found @SpringBootConfiguration br.com.diogenes.maxclubcard.MaxclubcardApplication for test class br.com.diogenes.maxclubcard.entrypoint.procuder.impl.ProducerServiceImplIntegrationTest

  .   ____          _            __ _ _
 /\\ / ___'_ __ _ _(_)_ __  __ _ \ \ \ \
( ( )\___ | '_ | '_| | '_ \/ _` | \ \ \ \
 \\/  ___)| |_)| | | | | || (_| |  ) ) ) )
  '  |____| .__|_| |_|_| |_\__, | / / / /
 =========|_|==============|___/=/_/_/_/

 :: Spring Boot ::                (v3.3.1)

2024-07-09T00:29:04.350-03:00  INFO 79319 --- [maxclubcard] [    Test worker] k.utils.Log4jControllerRegistration$     : Registered kafka:type=kafka.Log4jController MBean
2024-07-09T00:29:04.366-03:00  INFO 79319 --- [maxclubcard] [    Test worker] o.a.zookeeper.server.ZooKeeperServer     : 
2024-07-09T00:29:04.367-03:00  INFO 79319 --- [maxclubcard] [    Test worker] o.a.zookeeper.server.ZooKeeperServer     :   ______                  _                                          
2024-07-09T00:29:04.367-03:00  INFO 79319 --- [maxclubcard] [    Test worker] o.a.zookeeper.server.ZooKeeperServer     :  |___  /                 | |                                         
2024-07-09T00:29:04.367-03:00  INFO 79319 --- [maxclubcard] [    Test worker] o.a.zookeeper.server.ZooKeeperServer     :     / /    ___     ___   | | __   ___    ___   _ __     ___   _ __   
2024-07-09T00:29:04.367-03:00  INFO 79319 --- [maxclubcard] [    Test worker] o.a.zookeeper.server.ZooKeeperServer     :    / /    / _ \   / _ \  | |/ /  / _ \  / _ \ | '_ \   / _ \ | '__|
2024-07-09T00:29:04.367-03:00  INFO 79319 --- [maxclubcard] [    Test worker] o.a.zookeeper.server.ZooKeeperServer     :   / /__  | (_) | | (_) | |   <  |  __/ |  __/ | |_) | |  __/ | |    
2024-07-09T00:29:04.367-03:00  INFO 79319 --- [maxclubcard] [    Test worker] o.a.zookeeper.server.ZooKeeperServer     :  /_____|  \___/   \___/  |_|\_\  \___|  \___| | .__/   \___| |_|
2024-07-09T00:29:04.367-03:00  INFO 79319 --- [maxclubcard] [    Test worker] o.a.zookeeper.server.ZooKeeperServer     :                                               | |                     
2024-07-09T00:29:04.367-03:00  INFO 79319 --- [maxclubcard] [    Test worker] o.a.zookeeper.server.ZooKeeperServer     :                                               |_|                     
2024-07-09T00:29:04.367-03:00  INFO 79319 --- [maxclubcard] [    Test worker] o.a.zookeeper.server.ZooKeeperServer     : 
2024-07-09T00:29:04.382-03:00  INFO 79319 --- [maxclubcard] [    Test worker] o.a.zookeeper.server.ZooKeeperServer     : Server environment:zookeeper.version=3.8.4-9316c2a7a97e1666d8f4593f34dd6fc36ecc436c, built on 2024-02-12 22:16 UTC
2024-07-09T00:29:04.382-03:00  INFO 79319 --- [maxclubcard] [    Test worker] o.a.zookeeper.server.ZooKeeperServer     : Server environment:host.name=192.168.0.140
2024-07-09T00:29:04.382-03:00  INFO 79319 --- [maxclubcard] [    Test worker] o.a.zookeeper.server.ZooKeeperServer     : Server environment:java.version=21.0.3
2024-07-09T00:29:04.382-03:00  INFO 79319 --- [maxclubcard] [    Test worker] o.a.zookeeper.server.ZooKeeperServer     : Server environment:java.vendor=Amazon.com Inc.
2024-07-09T00:29:04.382-03:00  INFO 79319 --- [maxclubcard] [    Test worker] o.a.zookeeper.server.ZooKeeperServer     : Server environment:java.home=/Users/diogenesrabelo/Library/Java/JavaVirtualMachines/corretto-21.0.3/Contents/Home
2024-07-09T00:29:04.382-03:00  INFO 79319 --- [maxclubcard] [    Test worker] o.a.zookeeper.server.ZooKeeperServer     : Server environment:java.class.path=/Users/diogenesrabelo/.gradle/caches/8.8/workerMain/gradle-worker.jar:/Users/diogenesrabelo/Documents/maxclub/maxclubcard/build/classes/java/test:/Users/diogenesrabelo/Documents/maxclub/maxclubcard/build/resources/test:/Users/diogenesrabelo/Documents/maxclub/maxclubcard/build/classes/java/main:/Users/diogenesrabelo/Documents/maxclub/maxclubcard/build/resources/main:/Users/diogenesrabelo/.gradle/caches/modules-2/files-2.1/org.springframework.boot/spring-boot-starter-data-jpa/3.3.1/f12725d58a944eaf4d44334a6a7b0fe14ed08577/spring-boot-starter-data-jpa-3.3.1.jar:/Users/diogenesrabelo/.gradle/caches/modules-2/files-2.1/org.springframework.boot/spring-boot-starter-web/3.3.1/ec812e82a010d089438b6ac98ebe294f2e540f71/spring-boot-starter-web-3.3.1.jar:/Users/diogenesrabelo/.gradle/caches/modules-2/files-2.1/org.springdoc/springdoc-openapi-starter-webmvc-ui/2.5.0/e81e60e9be9fd65503071337e634b6056127a2fb/springdoc-openapi-starter-webmvc-ui-2.5.0.jar:/Users/diogenesrabelo/.gradle/caches/modules-2/files-2.1/org.springframework.kafka/spring-kafka/3.2.1/ebd9d79b63e9b343f589168a1441f4686a1daeda/spring-kafka-3.2.1.jar:/Users/diogenesrabelo/.gradle/caches/modules-2/files-2.1/org.projectlombok/lombok/1.18.34/ec547ef414ab1d2c040118fb9c1c265ada63af14/lombok-1.18.34.jar:/Users/diogenesrabelo/.gradle/caches/modules-2/files-2.1/com.mysql/mysql-connector-j/8.3.0/1cc7fa5d61f4bbc113531a4ba6d85d41cf3d57e1/mysql-connector-j-8.3.0.jar:/Users/diogenesrabelo/.gradle/caches/modules-2/files-2.1/org.springframework.boot/spring-boot-starter-test/3.3.1/4ca82495c11ccba4998fc4e6f195ff6d5673b96b/spring-boot-starter-test-3.3.1.jar:/Users/diogenesrabelo/.gradle/caches/modules-2/files-2.1/org.testcontainers/mysql/1.19.8/f6aa99d924764816efd7f18c7d7bc17ee2f11853/mysql-1.19.8.jar:/Users/diogenesrabelo/.gradle/caches/modules-2/files-2.1/org.springframework.kafka/spring-kafka-test/3.2.1/9d6903dbf9f222042d832b710d10925206b10517/spring-kafka-test-3.2.1.jar:/Users/diogenesrabelo/.gradle/caches/modules-2/files-2.1/org.junit.jupiter/junit-jupiter/5.10.2/831c0b86ddc2ce38391c5b81ea662b0cfdc02cce/junit-jupiter-5.10.2.jar:/Users/diogenesrabelo/.gradle/caches/modules-2/files-2.1/org.mockito/mockito-junit-jupiter/5.11.0/8e658dd339f40305ed4293db25545b5df98b171b/mockito-junit-jupiter-5.11.0.jar:/Users/diogenesrabelo/.gradle/caches/modules-2/files-2.1/org.junit.jupiter/junit-jupiter-params/5.10.2/359132c82a9d3fa87a325db6edd33b5fdc67a3d8/junit-jupiter-params-5.10.2.jar:/Users/diogenesrabelo/.gradle/caches/modules-2/files-2.1/org.junit.jupiter/junit-jupiter-engine/5.10.2/f1f8fe97bd58e85569205f071274d459c2c4f8cd/junit-jupiter-engine-5.10.2.jar:/Users/diogenesrabelo/.gradle/caches/modules-2/files-2.1/org.junit.jupiter/junit-jupiter-api/5.10.2/fb55d6e2bce173f35fd28422e7975539621055ef/junit-jupiter-api-5.10.2.jar:/Users/diogenesrabelo/.gradle/caches/modules-2/files-2.1/org.junit.platform/junit-platform-engine/1.10.2/d53bb4e0ce7f211a498705783440614bfaf0df2e/junit-platform-engine-1.10.2.jar:/Users/diogenesrabelo/.gradle/caches/modules-2/files-2.1/org.junit.platform/junit-platform-commons/1.10.2/3197154a1f0c88da46c47a9ca27611ac7ec5d797/junit-platform-commons-1.10.2.jar:/Users/diogenesrabelo/.gradle/caches/modules-2/files-2.1/org.junit.platform/junit-platform-launcher/1.10.2/8125dd29e847ca274dd1a7a9ca54859acc284cb3/junit-platform-launcher-1.10.2.jar:/Users/diogenesrabelo/.gradle/caches/modules-2/files-2.1/com.h2database/h2/2.2.224/7bdade27d8cd197d9b5ce9dc251f41d2edc5f7ad/h2-2.2.224.jar:/Users/diogenesrabelo/.gradle/caches/modules-2/files-2.1/org.springframework.boot/spring-boot-starter-aop/3.3.1/19da2c8abacda5bed6fadfe3e76e4b61e9cc0f09/spring-boot-starter-aop-3.3.1.jar:/Users/diogenesrabelo/.gradle/caches/modules-2/files-2.1/org.springframework.boot/spring-boot-starter-jdbc/3.3.1/73e79247180d277b68801ff5f4f9e9ab66210335/spring-boot-starter-jdbc-3.3.1.jar:/Users/diogenesrabelo/.gradle/caches/modules-2/files-2.1/org.hibernate.orm/hibernate-core/6.5.2.Final/e9e0cc47f6cd2b2553968aee66bd9e55e7485221/hibernate-core-6.5.2.Final.jar:/Users/diogenesrabelo/.gradle/caches/modules-2/files-2.1/org.springframework.data/spring-data-jpa/3.3.1/bf75f2140be9325d78de2c1c88eb9b7388a41bb1/spring-data-jpa-3.3.1.jar:/Users/diogenesrabelo/.gradle/caches/modules-2/files-2.1/org.springframework/spring-aspects/6.1.10/8d869a8bcc99e71b98b9d5ca141539d6e6ba3061/spring-aspects-6.1.10.jar:/Users/diogenesrabelo/.gradle/caches/modules-2/files-2.1/org.springframework.boot/spring-boot-starter-json/3.3.1/b78d1ce67c3a44e8a2c2799b70e8c216166d0f5b/spring-boot-starter-json-3.3.1.jar:/Users/diogenesrabelo/.gradle/caches/modules-2/files-2.1/org.springframework.boot/spring-boot-starter/3.3.1/30e0ac13cfa51c77db60909ea28572a1e973f186/spring-boot-starter-3.3.1.jar:/Users/diogenesrabelo/.gradle/caches/modules-2/files-2.1/org.springframework.boot/spring-boot-starter-tomcat/3.3.1/78bc3dedeb8abcea03f35d24f6779e0a3c6080d2/spring-boot-starter-tomcat-3.3.1.jar:/Users/diogenesrabelo/.gradle/caches/modules-2/files-2.1/org.springdoc/springdoc-openapi-starter-webmvc-api/2.5.0/a450d666f17b10adff53703b16bc77954a045fd2/springdoc-openapi-starter-webmvc-api-2.5.0.jar:/Users/diogenesrabelo/.gradle/caches/modules-2/files-2.1/org.springframework/spring-webmvc/6.1.10/476344c2f21ab070bc72108375d9355f2ec0ddd1/spring-webmvc-6.1.10.jar:/Users/diogenesrabelo/.gradle/caches/modules-2/files-2.1/org.springframework/spring-web/6.1.10/876a856af61ef5712fb9a3013b798aa2b4a9475e/spring-web-6.1.10.jar:/Users/diogenesrabelo/.gradle/caches/modules-2/files-2.1/org.webjars/swagger-ui/5.13.0/262a148333ae8c7fd0e23606855ec516e473efd/swagger-ui-5.13.0.jar:/Users/diogenesrabelo/.gradle/caches/modules-2/files-2.1/org.springframework.boot/spring-boot-test-autoconfigure/3.3.1/be1e596cbe14f0102e1fd97bbc86b5910ed64396/spring-boot-test-autoconfigure-3.3.1.jar:/Users/diogenesrabelo/.gradle/caches/modules-2/files-2.1/org.springframework.boot/spring-boot-test/3.3.1/68f65454a9d7d84d077144bdd44bdda66cd3edb/spring-boot-test-3.3.1.jar:/Users/diogenesrabelo/.gradle/caches/modules-2/files-2.1/org.springdoc/springdoc-openapi-starter-common/2.5.0/d83078092cc4e61ef502018c7560d466210cc14e/springdoc-openapi-starter-common-2.5.0.jar:/Users/diogenesrabelo/.gradle/caches/modules-2/files-2.1/org.springframework.boot/spring-boot-autoconfigure/3.3.1/36a6489e3ba5e34163bddb5134021de9ce101abc/spring-boot-autoconfigure-3.3.1.jar:/Users/diogenesrabelo/.gradle/caches/modules-2/files-2.1/org.springframework.boot/spring-boot/3.3.1/2c5cfe68bc12646ce44663f865d39c747a28f2c7/spring-boot-3.3.1.jar:/Users/diogenesrabelo/.gradle/caches/modules-2/files-2.1/org.springframework/spring-context/6.1.10/6f869ea35a26028f3bfbfb52c72ef2b077fbb6e5/spring-context-6.1.10.jar:/Users/diogenesrabelo/.gradle/caches/modules-2/files-2.1/org.springframework/spring-messaging/6.1.10/7bdfa101b8e38c450738c4eb040ca7686ccb4ab9/spring-messaging-6.1.10.jar:/Users/diogenesrabelo/.gradle/caches/modules-2/files-2.1/org.springframework/spring-orm/6.1.10/b4cd93ddd043407b3ba3fdfca3b07db776581fec/spring-orm-6.1.10.jar:/Users/diogenesrabelo/.gradle/caches/modules-2/files-2.1/org.springframework/spring-jdbc/6.1.10/bba7d7de1d944443bd9e45d0ebcbbb6ec6864be0/spring-jdbc-6.1.10.jar:/Users/diogenesrabelo/.gradle/caches/modules-2/files-2.1/org.springframework/spring-tx/6.1.10/1a2361bc1881ed1a0dc2e09561e8f560e1949c8e/spring-tx-6.1.10.jar:/Users/diogenesrabelo/.gradle/caches/modules-2/files-2.1/org.springframework.retry/spring-retry/2.0.6/812ca80eb5f418c679cb239d2d009c4bf075f3a/spring-retry-2.0.6.jar:/Users/diogenesrabelo/.gradle/caches/modules-2/files-2.1/org.apache.kafka/kafka_2.13/3.7.0/934e18772cfe578e6ef7ad97160d0945c711b11/kafka_2.13-3.7.0.jar:/Users/diogenesrabelo/.gradle/caches/modules-2/files-2.1/org.apache.kafka/kafka_2.13/3.7.0/cc1a248cbcf097e2706239f33038a82f815f9b07/kafka_2.13-3.7.0-test.jar:/Users/diogenesrabelo/.gradle/caches/modules-2/files-2.1/org.apache.kafka/kafka-group-coordinator/3.7.0/358c55717747bd102aec77cc7f00a1d96e80b5af/kafka-group-coordinator-3.7.0.jar:/Users/diogenesrabelo/.gradle/caches/modules-2/files-2.1/org.apache.kafka/kafka-metadata/3.7.0/2acd16b1fcf3d7e38319d25e514aabca6d9adcff/kafka-metadata-3.7.0.jar:/Users/diogenesrabelo/.gradle/caches/modules-2/files-2.1/org.apache.kafka/kafka-raft/3.7.0/f415266ee2245e860a0ffaa34dc2a2748d60d8bc/kafka-raft-3.7.0.jar:/Users/diogenesrabelo/.gradle/caches/modules-2/files-2.1/org.apache.kafka/kafka-storage/3.7.0/8c66d73cde8d504fa1163579b01a3311b8f75eaa/kafka-storage-3.7.0.jar:/Users/diogenesrabelo/.gradle/caches/modules-2/files-2.1/org.apache.kafka/kafka-storage-api/3.7.0/b6d97fd649fdf04522efcc88208d78c7e7aeb7fd/kafka-storage-api-3.7.0.jar:/Users/diogenesrabelo/.gradle/caches/modules-2/files-2.1/org.apache.kafka/kafka-server/3.7.0/c17c84e9784a0e3dee7d2dc9d8e15997632865e6/kafka-server-3.7.0.jar:/Users/diogenesrabelo/.gradle/caches/modules-2/files-2.1/org.apache.kafka/kafka-server-common/3.7.0/4ab962cc069c6962c9b36a04a09f638af2a76378/kafka-server-common-3.7.0.jar:/Users/diogenesrabelo/.gradle/caches/modules-2/files-2.1/org.apache.kafka/kafka-server-common/3.7.0/49cb3089e09f94c16351dc31f6079176a2db0dc/kafka-server-common-3.7.0-test.jar:/Users/diogenesrabelo/.gradle/caches/modules-2/files-2.1/org.apache.kafka/kafka-streams-test-utils/3.7.0/682ee0ba9dd9c75ac22c96d195ccd39cf3aeb650/kafka-streams-test-utils-3.7.0.jar:/Users/diogenesrabelo/.gradle/caches/modules-2/files-2.1/org.apache.kafka/kafka-streams/3.7.0/bc6ebe8f19fe964a14a87edd0b4f009c546e0117/kafka-streams-3.7.0.jar:/Users/diogenesrabelo/.gradle/caches/modules-2/files-2.1/org.apache.kafka/kafka-tools-api/3.7.0/5ff64cc68dc4f74e28689d42ac1414d01d925ed9/kafka-tools-api-3.7.0.jar:/Users/diogenesrabelo/.gradle/caches/modules-2/files-2.1/org.apache.kafka/kafka-clients/3.7.0/b8f9f75bc3edc06f842dd16071465544198bc045/kafka-clients-3.7.0.jar:/Users/diogenesrabelo/.gradle/caches/modules-2/files-2.1/org.apache.kafka/kafka-clients/3.7.0/d7ed0c6a4fe99285298f015e01a5a357ef7d359f/kafka-clients-3.7.0-test.jar:/Users/diogenesrabelo/.gradle/caches/modules-2/files-2.1/io.micrometer/micrometer-observation/1.13.1/f6f5fa79e482431531cc253a7204e5c085c7bb20/micrometer-observation-1.13.1.jar:/Users/diogenesrabelo/.gradle/caches/modules-2/files-2.1/com.jayway.jsonpath/json-path/2.9.0/37fe2217f577b0b68b18e62c4d17a8858ecf9b69/json-path-2.9.0.jar:/Users/diogenesrabelo/.gradle/caches/modules-2/files-2.1/org.glassfish.jaxb/jaxb-runtime/4.0.5/ca84c2a7169b5293e232b9d00d1e4e36d4c3914a/jaxb-runtime-4.0.5.jar:/Users/diogenesrabelo/.gradle/caches/modules-2/files-2.1/org.glassfish.jaxb/jaxb-core/4.0.5/7b4b11ea5542eea4ad55e1080b23be436795b3/jaxb-core-4.0.5.jar:/Users/diogenesrabelo/.gradle/caches/modules-2/files-2.1/io.swagger.core.v3/swagger-core-jakarta/2.2.21/b7d961d3431bb200af600c5bb6b68024c2f6282c/swagger-core-jakarta-2.2.21.jar:/Users/diogenesrabelo/.gradle/caches/modules-2/files-2.1/jakarta.xml.bind/jakarta.xml.bind-api/4.0.2/6cd5a999b834b63238005b7144136379dc36cad2/jakarta.xml.bind-api-4.0.2.jar:/Users/diogenesrabelo/.gradle/caches/modules-2/files-2.1/net.minidev/json-smart/2.5.1/4c11d2808d009132dfbbf947ebf37de6bf266c8e/json-smart-2.5.1.jar:/Users/diogenesrabelo/.gradle/caches/modules-2/files-2.1/org.assertj/assertj-core/3.25.3/792b270e73aa1cfc28fa135be0b95e69ea451432/assertj-core-3.25.3.jar:/Users/diogenesrabelo/.gradle/caches/modules-2/files-2.1/org.awaitility/awaitility/4.2.1/e56b600e0b184182ba5b2baccd2bab593a98a624/awaitility-4.2.1.jar:/Users/diogenesrabelo/.gradle/caches/modules-2/files-2.1/org.testcontainers/jdbc/1.19.8/c2282cb89ecf269885fb1a3f8add78760175274c/jdbc-1.19.8.jar:/Users/diogenesrabelo/.gradle/caches/modules-2/files-2.1/org.testcontainers/database-commons/1.19.8/4e6777f6dd803ed35d47ab6035c962329e87692e/database-commons-1.19.8.jar:/Users/diogenesrabelo/.gradle/caches/modules-2/files-2.1/org.testcontainers/testcontainers/1.19.8/f29b06c6f2aa69f4125f6cb95ed61d3efe63c30/testcontainers-1.19.8.jar:/Users/diogenesrabelo/.gradle/caches/modules-2/files-2.1/junit/junit/4.13.2/8ac9e16d933b6fb43bc7f576336b8f4d7eb5ba12/junit-4.13.2.jar:/Users/diogenesrabelo/.gradle/caches/modules-2/files-2.1/org.hamcrest/hamcrest-core/2.2/3f2bd07716a31c395e2837254f37f21f0f0ab24b/hamcrest-core-2.2.jar:/Users/diogenesrabelo/.gradle/caches/modules-2/files-2.1/org.hamcrest/hamcrest/2.2/1820c0968dba3a11a1b30669bb1f01978a91dedc/hamcrest-2.2.jar:/Users/diogenesrabelo/.gradle/caches/modules-2/files-2.1/org.mockito/mockito-core/5.11.0/e4069fa4f4ff2c94322cfec5f2e45341c6c70aff/mockito-core-5.11.0.jar:/Users/diogenesrabelo/.gradle/caches/modules-2/files-2.1/org.skyscreamer/jsonassert/1.5.1/6d842d0faf4cf6725c509a5e5347d319ee0431c3/jsonassert-1.5.1.jar:/Users/diogenesrabelo/.gradle/caches/modules-2/files-2.1/org.springframework/spring-test/6.1.10/82d3c12836121e37843f21bf382a8c46c0448b59/spring-test-6.1.10.jar:/Users/diogenesrabelo/.gradle/caches/modules-2/files-2.1/org.springframework/spring-aop/6.1.10/aa6a147eb08820fb503a992a8fe2c9fee3439129/spring-aop-6.1.10.jar:/Users/diogenesrabelo/.gradle/caches/modules-2/files-2.1/org.springframework.data/spring-data-commons/3.3.1/fe179b4f9f5d4fafdcf9e2a2030033d61423c3f6/spring-data-commons-3.3.1.jar:/Users/diogenesrabelo/.gradle/caches/modules-2/files-2.1/org.springframework/spring-beans/6.1.10/a49252929fb2918f73eb7659ef98dff7306a7c2c/spring-beans-6.1.10.jar:/Users/diogenesrabelo/.gradle/caches/modules-2/files-2.1/org.springframework/spring-expression/6.1.10/a17d61f1388d0e13d6e7a740304e9d648fffc7c/spring-expression-6.1.10.jar:/Users/diogenesrabelo/.gradle/caches/modules-2/files-2.1/org.springframework/spring-core/6.1.10/eaf5b1f3e3bb5aa8b45ab255cf3270c1c4578f1d/spring-core-6.1.10.jar:/Users/diogenesrabelo/.gradle/caches/modules-2/files-2.1/org.xmlunit/xmlunit-core/2.9.1/e5833662d9a1279a37da3ef6f62a1da29fcd68c4/xmlunit-core-2.9.1.jar:/Users/diogenesrabelo/.gradle/caches/modules-2/files-2.1/org.apache.zookeeper/zookeeper/3.8.4/6638e37b887b5a279044afbdc9928e19f678eb2e/zookeeper-3.8.4.jar:/Users/diogenesrabelo/.gradle/caches/modules-2/files-2.1/org.aspectj/aspectjweaver/1.9.22/10736ab74a53af5e2e1b07e76335a5391526b6f8/aspectjweaver-1.9.22.jar:/Users/diogenesrabelo/.gradle/caches/modules-2/files-2.1/com.zaxxer/HikariCP/5.1.0/8c96e36c14461fc436bb02b264b96ef3ca5dca8c/HikariCP-5.1.0.jar:/Users/diogenesrabelo/.gradle/caches/modules-2/files-2.1/jakarta.persistence/jakarta.persistence-api/3.1.0/66901fa1c373c6aff65c13791cc11da72060a8d6/jakarta.persistence-api-3.1.0.jar:/Users/diogenesrabelo/.gradle/caches/modules-2/files-2.1/jakarta.transaction/jakarta.transaction-api/2.0.1/51a520e3fae406abb84e2e1148e6746ce3f80a1a/jakarta.transaction-api-2.0.1.jar:/Users/diogenesrabelo/.gradle/caches/modules-2/files-2.1/org.jboss.logging/jboss-logging/3.5.3.Final/c88fc1d8a96d4c3491f55d4317458ccad53ca663/jboss-logging-3.5.3.Final.jar:/Users/diogenesrabelo/.gradle/caches/modules-2/files-2.1/org.hibernate.common/hibernate-commons-annotations/6.0.6.Final/77a5f94b56d49508e0ee334751db5b78e5ccd50c/hibernate-commons-annotations-6.0.6.Final.jar:/Users/diogenesrabelo/.gradle/caches/modules-2/files-2.1/io.smallrye/jandex/3.1.2/a6c1c89925c7df06242b03dddb353116ceb9584c/jandex-3.1.2.jar:/Users/diogenesrabelo/.gradle/caches/modules-2/files-2.1/com.fasterxml/classmate/1.7.0/e98374da1f2143ac8e6e0a95036994bb19137a3/classmate-1.7.0.jar:/Users/diogenesrabelo/.gradle/caches/modules-2/files-2.1/net.bytebuddy/byte-buddy/1.14.17/a8d08f3c1e75ecc7f38a8cfd7e9fa47919096373/byte-buddy-1.14.17.jar:/Users/diogenesrabelo/.gradle/caches/modules-2/files-2.1/jakarta.inject/jakarta.inject-api/2.0.1/4c28afe1991a941d7702fe1362c365f0a8641d1e/jakarta.inject-api-2.0.1.jar:/Users/diogenesrabelo/.gradle/caches/modules-2/files-2.1/org.antlr/antlr4-runtime/4.13.0/5a02e48521624faaf5ff4d99afc88b01686af655/antlr4-runtime-4.13.0.jar:/Users/diogenesrabelo/.gradle/caches/modules-2/files-2.1/jakarta.annotation/jakarta.annotation-api/2.1.1/48b9bda22b091b1f48b13af03fe36db3be6e1ae3/jakarta.annotation-api-2.1.1.jar:/Users/diogenesrabelo/.gradle/caches/modules-2/files-2.1/org.springframework.boot/spring-boot-starter-logging/3.3.1/2097eebccdf7556cf42c8a74a5da64420ac143a1/spring-boot-starter-logging-3.3.1.jar:/Users/diogenesrabelo/.gradle/caches/modules-2/files-2.1/ch.qos.logback/logback-classic/1.5.6/afc75d260d838a3bddfb8f207c2805ed7d1b34f9/logback-classic-1.5.6.jar:/Users/diogenesrabelo/.gradle/caches/modules-2/files-2.1/com.yammer.metrics/metrics-core/2.2.0/f82c035cfa786d3cbec362c38c22a5f5b1bc8724/metrics-core-2.2.0.jar:/Users/diogenesrabelo/.gradle/caches/modules-2/files-2.1/org.bitbucket.b_c/jose4j/0.9.4/7efe6ccf593e52a2b77f98de52238f15b4a67188/jose4j-0.9.4.jar:/Users/diogenesrabelo/.gradle/caches/modules-2/files-2.1/com.typesafe.scala-logging/scala-logging_2.13/3.9.4/e5838ddcf8c1c2b612a7956b9f80423a508675db/scala-logging_2.13-3.9.4.jar:/Users/diogenesrabelo/.gradle/caches/modules-2/files-2.1/io.dropwizard.metrics/metrics-core/4.1.12.1/cb2f351bf4463751201f43bb99865235d5ba07ca/metrics-core-4.1.12.1.jar:/Users/diogenesrabelo/.gradle/caches/modules-2/files-2.1/org.apache.logging.log4j/log4j-to-slf4j/2.23.1/425ad1eb8a39904d2830e907a324e956fb456520/log4j-to-slf4j-2.23.1.jar:/Users/diogenesrabelo/.gradle/caches/modules-2/files-2.1/org.slf4j/jul-to-slf4j/2.0.13/a3bcd9d9dd50c71ce69f06b1fd05e40fdeff6ba5/jul-to-slf4j-2.0.13.jar:/Users/diogenesrabelo/.gradle/caches/modules-2/files-2.1/com.github.docker-java/docker-java-api/3.3.6/8e152880bfe595c81a25501e21a6d7b1d4df97be/docker-java-api-3.3.6.jar:/Users/diogenesrabelo/.gradle/caches/modules-2/files-2.1/com.github.docker-java/docker-java-transport-zerodep/3.3.6/c9cde0239ce03376f6dfd0465bd461853af22196/docker-java-transport-zerodep-3.3.6.jar:/Users/diogenesrabelo/.gradle/caches/modules-2/files-2.1/org.slf4j/slf4j-api/2.0.13/80229737f704b121a318bba5d5deacbcf395bc77/slf4j-api-2.0.13.jar:/Users/diogenesrabelo/.gradle/caches/modules-2/files-2.1/com.fasterxml.jackson.datatype/jackson-datatype-jdk8/2.17.1/76b495194c36058904c82e288d285a1bd13f0ffa/jackson-datatype-jdk8-2.17.1.jar:/Users/diogenesrabelo/.gradle/caches/modules-2/files-2.1/com.fasterxml.jackson.datatype/jackson-datatype-jsr310/2.17.1/969b0c3cb8c75d759e9a6c585c44c9b9f3a4f75/jackson-datatype-jsr310-2.17.1.jar:/Users/diogenesrabelo/.gradle/caches/modules-2/files-2.1/com.fasterxml.jackson.module/jackson-module-parameter-names/2.17.1/74a998f6fbcedbddedf0a27e8ce72078b2e516a6/jackson-module-parameter-names-2.17.1.jar:/Users/diogenesrabelo/.gradle/caches/modules-2/files-2.1/com.fasterxml.jackson.module/jackson-module-scala_2.13/2.17.1/6012ea27487cf8cca804d4bc4ad0a8911a7bde42/jackson-module-scala_2.13-2.17.1.jar:/Users/diogenesrabelo/.gradle/caches/modules-2/files-2.1/com.fasterxml.jackson.dataformat/jackson-dataformat-csv/2.17.1/fd1b5f9faa13247f817232644790d889b7c63a79/jackson-dataformat-csv-2.17.1.jar:/Users/diogenesrabelo/.gradle/caches/modules-2/files-2.1/com.fasterxml.jackson.core/jackson-databind/2.17.1/524dcbcccdde7d45a679dfc333e4763feb09079/jackson-databind-2.17.1.jar:/Users/diogenesrabelo/.gradle/caches/modules-2/files-2.1/io.swagger.core.v3/swagger-models-jakarta/2.2.21/3f6ed502304a3a2cc4ae847dbdc956ba010e8261/swagger-models-jakarta-2.2.21.jar:/Users/diogenesrabelo/.gradle/caches/modules-2/files-2.1/com.fasterxml.jackson.core/jackson-annotations/2.17.1/fca7ef6192c9ad05d07bc50da991bf937a84af3a/jackson-annotations-2.17.1.jar:/Users/diogenesrabelo/.gradle/caches/modules-2/files-2.1/com.fasterxml.jackson.core/jackson-core/2.17.1/5e52a11644cd59a28ef79f02bddc2cc3bab45edb/jackson-core-2.17.1.jar:/Users/diogenesrabelo/.gradle/caches/modules-2/files-2.1/com.fasterxml.jackson.dataformat/jackson-dataformat-yaml/2.17.1/b4c7b8a9ea3f398116a75c146b982b22afebc4ee/jackson-dataformat-yaml-2.17.1.jar:/Users/diogenesrabelo/.gradle/caches/modules-2/files-2.1/org.yaml/snakeyaml/2.2/3af797a25458550a16bf89acc8e4ab2b7f2bfce0/snakeyaml-2.2.jar:/Users/diogenesrabelo/.gradle/caches/modules-2/files-2.1/org.apache.tomcat.embed/tomcat-embed-websocket/10.1.25/efd7848a9677e9a7cf8367b43213805eca70805/tomcat-embed-websocket-10.1.25.jar:/Users/diogenesrabelo/.gradle/caches/modules-2/files-2.1/org.apache.tomcat.embed/tomcat-embed-core/10.1.25/c1e5ee12f537e6b4fea2b98a7160dcf0db610561/tomcat-embed-core-10.1.25.jar:/Users/diogenesrabelo/.gradle/caches/modules-2/files-2.1/org.apache.tomcat.embed/tomcat-embed-el/10.1.25/2f030e4971e29245c10e58723fb6b364ce23933b/tomcat-embed-el-10.1.25.jar:/Users/diogenesrabelo/.gradle/caches/modules-2/files-2.1/com.github.luben/zstd-jni/1.5.5-6/f29e8571c4948a5e6409e9780d2f90b9170e615a/zstd-jni-1.5.5-6.jar:/Users/diogenesrabelo/.gradle/caches/modules-2/files-2.1/org.lz4/lz4-java/1.8.0/4b986a99445e49ea5fbf5d149c4b63f6ed6c6780/lz4-java-1.8.0.jar:/Users/diogenesrabelo/.gradle/caches/modules-2/files-2.1/org.xerial.snappy/snappy-java/1.1.10.5/ac605269f3598506196e469f1fb0d7ed5c55059e/snappy-java-1.1.10.5.jar:/Users/diogenesrabelo/.gradle/caches/modules-2/files-2.1/io.micrometer/micrometer-commons/1.13.1/5629ecbcc84a9f29e1cf976718de2497e50932bf/micrometer-commons-1.13.1.jar:/Users/diogenesrabelo/.gradle/caches/modules-2/files-2.1/org.eclipse.angus/angus-activation/2.0.2/41f1e0ddd157c856926ed149ab837d110955a9fc/angus-activation-2.0.2.jar:/Users/diogenesrabelo/.gradle/caches/modules-2/files-2.1/jakarta.activation/jakarta.activation-api/2.1.3/fa165bd70cda600368eee31555222776a46b881f/jakarta.activation-api-2.1.3.jar:/Users/diogenesrabelo/.gradle/caches/modules-2/files-2.1/net.minidev/accessors-smart/2.5.1/19b820261eb2e7de7d5bde11d1c06e4501dd7e5f/accessors-smart-2.5.1.jar:/Users/diogenesrabelo/.gradle/caches/modules-2/files-2.1/net.bytebuddy/byte-buddy-agent/1.14.17/e3c251a39dc90badaf71c83427ba46840f219d8d/byte-buddy-agent-1.14.17.jar:/Users/diogenesrabelo/.gradle/caches/modules-2/files-2.1/org.objenesis/objenesis/3.3/1049c09f1de4331e8193e579448d0916d75b7631/objenesis-3.3.jar:/Users/diogenesrabelo/.gradle/caches/modules-2/files-2.1/com.vaadin.external.google/android-json/0.0.20131108.vaadin1/fa26d351fe62a6a17f5cda1287c1c6110dec413f/android-json-0.0.20131108.vaadin1.jar:/Users/diogenesrabelo/.gradle/caches/modules-2/files-2.1/org.springframework/spring-jcl/6.1.10/c22c18cf6ed7d768676816347f020a6868663224/spring-jcl-6.1.10.jar:/Users/diogenesrabelo/.gradle/caches/modules-2/files-2.1/org.apache.zookeeper/zookeeper-jute/3.8.4/de7b8a41bbe1ccdfc009de51fa6d160db3ca8025/zookeeper-jute-3.8.4.jar:/Users/diogenesrabelo/.gradle/caches/modules-2/files-2.1/org.apache.yetus/audience-annotations/0.12.0/e0efa60318229590103e31c69ebdaae56d903644/audience-annotations-0.12.0.jar:/Users/diogenesrabelo/.gradle/caches/modules-2/files-2.1/io.netty/netty-handler/4.1.111.Final/2bc6a58ad2e9e279634b6e55022e8dcd3c175cc4/netty-handler-4.1.111.Final.jar:/Users/diogenesrabelo/.gradle/caches/modules-2/files-2.1/io.netty/netty-transport-native-epoll/4.1.111.Final/cae30e0d49c35235f019d0a4419271c4241ddc1a/netty-transport-native-epoll-4.1.111.Final.jar:/Users/diogenesrabelo/.gradle/caches/modules-2/files-2.1/ch.qos.logback/logback-core/1.5.6/41cbe874701200c5624c19e0ab50d1b88dfcc77d/logback-core-1.5.6.jar:/Users/diogenesrabelo/.gradle/caches/modules-2/files-2.1/commons-io/commons-io/2.11.0/a2503f302b11ebde7ebc3df41daebe0e4eea3689/commons-io-2.11.0.jar:/Users/diogenesrabelo/.gradle/caches/modules-2/files-2.1/net.sf.jopt-simple/jopt-simple/5.0.4/4fdac2fbe92dfad86aa6e9301736f6b4342a3f5c/jopt-simple-5.0.4.jar:/Users/diogenesrabelo/.gradle/caches/modules-2/files-2.1/org.pcollections/pcollections/4.0.1/59f3bf5fb28c5f5386804dcf129267416b75d7c/pcollections-4.0.1.jar:/Users/diogenesrabelo/.gradle/caches/modules-2/files-2.1/net.sourceforge.argparse4j/argparse4j/0.7.0/6f0621d0c3888de39e0f06d01f37ba53a798e657/argparse4j-0.7.0.jar:/Users/diogenesrabelo/.gradle/caches/modules-2/files-2.1/commons-validator/commons-validator/1.7/76069c915de3787f3ddd8726a56f47a95bfcbb0e/commons-validator-1.7.jar:/Users/diogenesrabelo/.gradle/caches/modules-2/files-2.1/org.scala-lang.modules/scala-collection-compat_2.13/2.10.0/2464528d14329ff2b44bceff918d6c00300adcf4/scala-collection-compat_2.13-2.10.0.jar:/Users/diogenesrabelo/.gradle/caches/modules-2/files-2.1/org.scala-lang.modules/scala-java8-compat_2.13/1.0.2/5b54f60ccf03e41e24c466462a72475ee918c304/scala-java8-compat_2.13-1.0.2.jar:/Users/diogenesrabelo/.gradle/caches/modules-2/files-2.1/org.scala-lang/scala-reflect/2.13.12/88be4dbc90fdd2d12c05b6a872a9add60524461d/scala-reflect-2.13.12.jar:/Users/diogenesrabelo/.gradle/caches/modules-2/files-2.1/commons-cli/commons-cli/1.4/c51c00206bb913cd8612b24abd9fa98ae89719b1/commons-cli-1.4.jar:/Users/diogenesrabelo/.gradle/caches/modules-2/files-2.1/org.scala-lang/scala-library/2.13.13/3b1434403ddb147b8030f98f246153e4ce622c78/scala-library-2.13.13.jar:/Users/diogenesrabelo/.gradle/caches/modules-2/files-2.1/org.opentest4j/opentest4j/1.3.0/152ea56b3a72f655d4fd677fc0ef2596c3dd5e6e/opentest4j-1.3.0.jar:/Users/diogenesrabelo/.gradle/caches/modules-2/files-2.1/org.ow2.asm/asm/9.6/aa205cf0a06dbd8e04ece91c0b37c3f5d567546a/asm-9.6.jar:/Users/diogenesrabelo/.gradle/caches/modules-2/files-2.1/io.netty/netty-transport-classes-epoll/4.1.111.Final/8b97d32eb1489043e478deea99bd93ce487b82f6/netty-transport-classes-epoll-4.1.111.Final.jar:/Users/diogenesrabelo/.gradle/caches/modules-2/files-2.1/io.netty/netty-transport-native-unix-common/4.1.111.Final/acafc128cddafa021bc0b48b0788eb0e118add5e/netty-transport-native-unix-common-4.1.111.Final.jar:/Users/diogenesrabelo/.gradle/caches/modules-2/files-2.1/io.netty/netty-codec/4.1.111.Final/a6762ec00a6d268f9980741f5b755838bcd658bf/netty-codec-4.1.111.Final.jar:/Users/diogenesrabelo/.gradle/caches/modules-2/files-2.1/io.netty/netty-transport/4.1.111.Final/24e97cf14ea9d80afe4c5ab69066b587fccc154a/netty-transport-4.1.111.Final.jar:/Users/diogenesrabelo/.gradle/caches/modules-2/files-2.1/io.netty/netty-resolver/4.1.111.Final/3493179999f211dc49714319f81da2be86523a3b/netty-resolver-4.1.111.Final.jar:/Users/diogenesrabelo/.gradle/caches/modules-2/files-2.1/io.netty/netty-buffer/4.1.111.Final/b54863f578939e135d3b3aea610284ae57c188cf/netty-buffer-4.1.111.Final.jar:/Users/diogenesrabelo/.gradle/caches/modules-2/files-2.1/io.netty/netty-common/4.1.111.Final/58210befcb31adbcadd5724966a061444db91863/netty-common-4.1.111.Final.jar:/Users/diogenesrabelo/.gradle/caches/modules-2/files-2.1/org.rocksdb/rocksdbjni/7.9.2/6409b667493149191b09fe1fce94bada6096a3e9/rocksdbjni-7.9.2.jar:/Users/diogenesrabelo/.gradle/caches/modules-2/files-2.1/com.github.ben-manes.caffeine/caffeine/3.1.8/24795585df8afaf70a2cd534786904ea5889c047/caffeine-3.1.8.jar:/Users/diogenesrabelo/.gradle/caches/modules-2/files-2.1/commons-beanutils/commons-beanutils/1.9.4/d52b9abcd97f38c81342bb7e7ae1eee9b73cba51/commons-beanutils-1.9.4.jar:/Users/diogenesrabelo/.gradle/caches/modules-2/files-2.1/commons-digester/commons-digester/2.1/73a8001e7a54a255eef0f03521ec1805dc738ca0/commons-digester-2.1.jar:/Users/diogenesrabelo/.gradle/caches/modules-2/files-2.1/commons-collections/commons-collections/3.2.2/8ad72fe39fa8c91eaaf12aadb21e0c3661fe26d5/commons-collections-3.2.2.jar:/Users/diogenesrabelo/.gradle/caches/modules-2/files-2.1/com.thoughtworks.paranamer/paranamer/2.8/619eba74c19ccf1da8ebec97a2d7f8ba05773dd6/paranamer-2.8.jar:/Users/diogenesrabelo/.gradle/caches/modules-2/files-2.1/org.glassfish.jaxb/txw2/4.0.5/f36a4ef12120a9bb06d766d6a0e54b144fd7ed98/txw2-4.0.5.jar:/Users/diogenesrabelo/.gradle/caches/modules-2/files-2.1/com.sun.istack/istack-commons-runtime/4.1.2/18ec117c85f3ba0ac65409136afa8e42bc74e739/istack-commons-runtime-4.1.2.jar:/Users/diogenesrabelo/.gradle/caches/modules-2/files-2.1/org.apache.logging.log4j/log4j-api/2.23.1/9c15c29c526d9c6783049c0a77722693c66706e1/log4j-api-2.23.1.jar:/Users/diogenesrabelo/.gradle/caches/modules-2/files-2.1/org.apache.commons/commons-lang3/3.14.0/1ed471194b02f2c6cb734a0cd6f6f107c673afae/commons-lang3-3.14.0.jar:/Users/diogenesrabelo/.gradle/caches/modules-2/files-2.1/io.swagger.core.v3/swagger-annotations-jakarta/2.2.21/3fa24dc3ad843c44602df97832f2d38e7bad1465/swagger-annotations-jakarta-2.2.21.jar:/Users/diogenesrabelo/.gradle/caches/modules-2/files-2.1/jakarta.validation/jakarta.validation-api/3.0.2/92b6631659ba35ca09e44874d3eb936edfeee532/jakarta.validation-api-3.0.2.jar:/Users/diogenesrabelo/.gradle/caches/modules-2/files-2.1/org.apache.commons/commons-compress/1.24.0/b4b1b5a3d9573b2970fddab236102c0a4d27d35e/commons-compress-1.24.0.jar:/Users/diogenesrabelo/.gradle/caches/modules-2/files-2.1/org.rnorth.duct-tape/duct-tape/1.0.8/92edc22a9ab2f3e17c9bf700aaee377d50e8b530/duct-tape-1.0.8.jar:/Users/diogenesrabelo/.gradle/caches/modules-2/files-2.1/org.checkerframework/checker-qual/3.37.0/ba74746d38026581c12166e164bb3c15e90cc4ea/checker-qual-3.37.0.jar:/Users/diogenesrabelo/.gradle/caches/modules-2/files-2.1/com.google.errorprone/error_prone_annotations/2.21.1/6d9b10773b5237df178a7b3c1b4208df7d0e7f94/error_prone_annotations-2.21.1.jar:/Users/diogenesrabelo/.gradle/caches/modules-2/files-2.1/org.jetbrains/annotations/17.0.0/8ceead41f4e71821919dbdb7a9847608f1a938cb/annotations-17.0.0.jar:/Users/diogenesrabelo/.gradle/caches/modules-2/files-2.1/com.github.docker-java/docker-java-transport/3.3.6/d536d16a297f9139b833955390a3d581e336e67/docker-java-transport-3.3.6.jar:/Users/diogenesrabelo/.gradle/caches/modules-2/files-2.1/net.java.dev.jna/jna/5.13.0/1200e7ebeedbe0d10062093f32925a912020e747/jna-5.13.0.jar
2024-07-09T00:29:04.385-03:00  INFO 79319 --- [maxclubcard] [    Test worker] o.a.zookeeper.server.ZooKeeperServer     : Server environment:java.library.path=/Users/diogenesrabelo/Library/Java/Extensions:/Library/Java/Extensions:/Network/Library/Java/Extensions:/System/Library/Java/Extensions:/usr/lib/java:.
2024-07-09T00:29:04.385-03:00  INFO 79319 --- [maxclubcard] [    Test worker] o.a.zookeeper.server.ZooKeeperServer     : Server environment:java.io.tmpdir=/var/folders/__/vswfnq756tb78469l9y7p7gm0000gp/T/
2024-07-09T00:29:04.385-03:00  INFO 79319 --- [maxclubcard] [    Test worker] o.a.zookeeper.server.ZooKeeperServer     : Server environment:java.compiler=<NA>
2024-07-09T00:29:04.385-03:00  INFO 79319 --- [maxclubcard] [    Test worker] o.a.zookeeper.server.ZooKeeperServer     : Server environment:os.name=Mac OS X
2024-07-09T00:29:04.385-03:00  INFO 79319 --- [maxclubcard] [    Test worker] o.a.zookeeper.server.ZooKeeperServer     : Server environment:os.arch=x86_64
2024-07-09T00:29:04.385-03:00  INFO 79319 --- [maxclubcard] [    Test worker] o.a.zookeeper.server.ZooKeeperServer     : Server environment:os.version=13.2
2024-07-09T00:29:04.385-03:00  INFO 79319 --- [maxclubcard] [    Test worker] o.a.zookeeper.server.ZooKeeperServer     : Server environment:user.name=diogenesrabelo
2024-07-09T00:29:04.385-03:00  INFO 79319 --- [maxclubcard] [    Test worker] o.a.zookeeper.server.ZooKeeperServer     : Server environment:user.home=/Users/diogenesrabelo
2024-07-09T00:29:04.385-03:00  INFO 79319 --- [maxclubcard] [    Test worker] o.a.zookeeper.server.ZooKeeperServer     : Server environment:user.dir=/Users/diogenesrabelo/Documents/maxclub/maxclubcard
2024-07-09T00:29:04.385-03:00  INFO 79319 --- [maxclubcard] [    Test worker] o.a.zookeeper.server.ZooKeeperServer     : Server environment:os.memory.free=33MB
2024-07-09T00:29:04.385-03:00  INFO 79319 --- [maxclubcard] [    Test worker] o.a.zookeeper.server.ZooKeeperServer     : Server environment:os.memory.max=512MB
2024-07-09T00:29:04.385-03:00  INFO 79319 --- [maxclubcard] [    Test worker] o.a.zookeeper.server.ZooKeeperServer     : Server environment:os.memory.total=125MB
2024-07-09T00:29:04.386-03:00  INFO 79319 --- [maxclubcard] [    Test worker] o.a.zookeeper.server.ZooKeeperServer     : zookeeper.enableEagerACLCheck = false
2024-07-09T00:29:04.386-03:00  INFO 79319 --- [maxclubcard] [    Test worker] o.a.zookeeper.server.ZooKeeperServer     : zookeeper.digest.enabled = true
2024-07-09T00:29:04.386-03:00  INFO 79319 --- [maxclubcard] [    Test worker] o.a.zookeeper.server.ZooKeeperServer     : zookeeper.closeSessionTxn.enabled = true
2024-07-09T00:29:04.386-03:00  INFO 79319 --- [maxclubcard] [    Test worker] o.a.zookeeper.server.ZooKeeperServer     : zookeeper.flushDelay = 0 ms
2024-07-09T00:29:04.386-03:00  INFO 79319 --- [maxclubcard] [    Test worker] o.a.zookeeper.server.ZooKeeperServer     : zookeeper.maxWriteQueuePollTime = 0 ms
2024-07-09T00:29:04.386-03:00  INFO 79319 --- [maxclubcard] [    Test worker] o.a.zookeeper.server.ZooKeeperServer     : zookeeper.maxBatchSize=1000
2024-07-09T00:29:04.386-03:00  INFO 79319 --- [maxclubcard] [    Test worker] o.a.zookeeper.server.ZooKeeperServer     : zookeeper.intBufferStartingSizeBytes = 1024
2024-07-09T00:29:04.389-03:00  INFO 79319 --- [maxclubcard] [    Test worker] o.a.z.server.persistence.FileTxnSnapLog  : zookeeper.snapshot.trust.empty : false
2024-07-09T00:29:04.412-03:00  INFO 79319 --- [maxclubcard] [    Test worker] o.a.z.server.watch.WatchManagerFactory   : Using org.apache.zookeeper.server.watch.WatchManager as watch manager
2024-07-09T00:29:04.412-03:00  INFO 79319 --- [maxclubcard] [    Test worker] o.a.z.server.watch.WatchManagerFactory   : Using org.apache.zookeeper.server.watch.WatchManager as watch manager
2024-07-09T00:29:04.412-03:00  INFO 79319 --- [maxclubcard] [    Test worker] org.apache.zookeeper.server.ZKDatabase   : zookeeper.snapshotSizeFactor = 0.33
2024-07-09T00:29:04.412-03:00  INFO 79319 --- [maxclubcard] [    Test worker] org.apache.zookeeper.server.ZKDatabase   : zookeeper.commitLogCount=500
2024-07-09T00:29:04.417-03:00  INFO 79319 --- [maxclubcard] [    Test worker] o.apache.zookeeper.server.BlueThrottle   : Weighed connection throttling is disabled
2024-07-09T00:29:04.421-03:00  INFO 79319 --- [maxclubcard] [    Test worker] o.a.zookeeper.server.ZooKeeperServer     : minSessionTimeout set to 1600 ms
2024-07-09T00:29:04.421-03:00  INFO 79319 --- [maxclubcard] [    Test worker] o.a.zookeeper.server.ZooKeeperServer     : maxSessionTimeout set to 16000 ms
2024-07-09T00:29:04.422-03:00  INFO 79319 --- [maxclubcard] [    Test worker] o.apache.zookeeper.server.ResponseCache  : getData response cache size is initialized with value 400.
2024-07-09T00:29:04.422-03:00  INFO 79319 --- [maxclubcard] [    Test worker] o.apache.zookeeper.server.ResponseCache  : getChildren response cache size is initialized with value 400.
2024-07-09T00:29:04.424-03:00  INFO 79319 --- [maxclubcard] [    Test worker] o.a.z.s.u.RequestPathMetricsCollector    : zookeeper.pathStats.slotCapacity = 60
2024-07-09T00:29:04.424-03:00  INFO 79319 --- [maxclubcard] [    Test worker] o.a.z.s.u.RequestPathMetricsCollector    : zookeeper.pathStats.slotDuration = 15
2024-07-09T00:29:04.424-03:00  INFO 79319 --- [maxclubcard] [    Test worker] o.a.z.s.u.RequestPathMetricsCollector    : zookeeper.pathStats.maxDepth = 6
2024-07-09T00:29:04.424-03:00  INFO 79319 --- [maxclubcard] [    Test worker] o.a.z.s.u.RequestPathMetricsCollector    : zookeeper.pathStats.initialDelay = 5
2024-07-09T00:29:04.424-03:00  INFO 79319 --- [maxclubcard] [    Test worker] o.a.z.s.u.RequestPathMetricsCollector    : zookeeper.pathStats.delay = 5
2024-07-09T00:29:04.424-03:00  INFO 79319 --- [maxclubcard] [    Test worker] o.a.z.s.u.RequestPathMetricsCollector    : zookeeper.pathStats.enabled = false
2024-07-09T00:29:04.427-03:00  INFO 79319 --- [maxclubcard] [    Test worker] o.a.zookeeper.server.ZooKeeperServer     : The max bytes for all large requests are set to 104857600
2024-07-09T00:29:04.427-03:00  INFO 79319 --- [maxclubcard] [    Test worker] o.a.zookeeper.server.ZooKeeperServer     : The large request threshold is set to -1
2024-07-09T00:29:04.429-03:00  INFO 79319 --- [maxclubcard] [    Test worker] o.a.z.server.AuthenticationHelper        : zookeeper.enforce.auth.enabled = false
2024-07-09T00:29:04.429-03:00  INFO 79319 --- [maxclubcard] [    Test worker] o.a.z.server.AuthenticationHelper        : zookeeper.enforce.auth.schemes = []
2024-07-09T00:29:04.429-03:00  INFO 79319 --- [maxclubcard] [    Test worker] o.a.zookeeper.server.ZooKeeperServer     : Created server with tickTime 800 ms minSessionTimeout 1600 ms maxSessionTimeout 16000 ms clientPortListenBacklog -1 datadir /var/folders/__/vswfnq756tb78469l9y7p7gm0000gp/T/kafka-2905656309218738689/version-2 snapdir /var/folders/__/vswfnq756tb78469l9y7p7gm0000gp/T/kafka-9405883834668367813/version-2
2024-07-09T00:29:04.436-03:00  WARN 79319 --- [maxclubcard] [    Test worker] o.a.zookeeper.server.ServerCnxnFactory   : maxCnxns is not configured, using default value 0.
2024-07-09T00:29:04.439-03:00  INFO 79319 --- [maxclubcard] [    Test worker] o.a.z.server.NIOServerCnxnFactory        : Configuring NIO connection handler with 10s sessionless connection timeout, 2 selector thread(s), 24 worker threads, and 64 kB direct buffers.
2024-07-09T00:29:04.447-03:00  INFO 79319 --- [maxclubcard] [    Test worker] o.a.z.server.NIOServerCnxnFactory        : binding to port /127.0.0.1:0
2024-07-09T00:29:04.470-03:00  INFO 79319 --- [maxclubcard] [    Test worker] o.a.z.server.persistence.SnapStream      : zookeeper.snapshot.compression.method = CHECKED
2024-07-09T00:29:04.470-03:00  INFO 79319 --- [maxclubcard] [    Test worker] o.a.z.server.persistence.FileTxnSnapLog  : Snapshotting: 0x0 to /var/folders/__/vswfnq756tb78469l9y7p7gm0000gp/T/kafka-9405883834668367813/version-2/snapshot.0
2024-07-09T00:29:04.476-03:00  INFO 79319 --- [maxclubcard] [    Test worker] org.apache.zookeeper.server.ZKDatabase   : Snapshot loaded in 23 ms, highest zxid is 0x0, digest is 1371985504
2024-07-09T00:29:04.476-03:00  INFO 79319 --- [maxclubcard] [    Test worker] o.a.z.server.persistence.FileTxnSnapLog  : Snapshotting: 0x0 to /var/folders/__/vswfnq756tb78469l9y7p7gm0000gp/T/kafka-9405883834668367813/version-2/snapshot.0
2024-07-09T00:29:04.477-03:00  INFO 79319 --- [maxclubcard] [    Test worker] o.a.zookeeper.server.ZooKeeperServer     : Snapshot taken in 1 ms
2024-07-09T00:29:04.490-03:00  INFO 79319 --- [maxclubcard] [0 cport:61250):] o.a.z.server.PrepRequestProcessor        : PrepRequestProcessor (sid:0) started, reconfigEnabled=false
2024-07-09T00:29:04.490-03:00  INFO 79319 --- [maxclubcard] [    Test worker] o.a.zookeeper.server.RequestThrottler    : zookeeper.request_throttler.shutdownTimeout = 10000 ms
2024-07-09T00:29:04.643-03:00  INFO 79319 --- [maxclubcard] [    Test worker] kafka.server.KafkaConfig                 : KafkaConfig values: 
	advertised.listeners = null
	alter.config.policy.class.name = null
	alter.log.dirs.replication.quota.window.num = 11
	alter.log.dirs.replication.quota.window.size.seconds = 1
	authorizer.class.name = 
	auto.create.topics.enable = true
	auto.include.jmx.reporter = true
	auto.leader.rebalance.enable = true
	background.threads = 2
	broker.heartbeat.interval.ms = 2000
	broker.id = 0
	broker.id.generation.enable = true
	broker.rack = null
	broker.session.timeout.ms = 9000
	client.quota.callback.class = null
	compression.type = producer
	connection.failed.authentication.delay.ms = 100
	connections.max.idle.ms = 600000
	connections.max.reauth.ms = 0
	control.plane.listener.name = null
	controlled.shutdown.enable = false
	controlled.shutdown.max.retries = 3
	controlled.shutdown.retry.backoff.ms = 100
	controller.listener.names = null
	controller.quorum.append.linger.ms = 25
	controller.quorum.election.backoff.max.ms = 1000
	controller.quorum.election.timeout.ms = 1000
	controller.quorum.fetch.timeout.ms = 2000
	controller.quorum.request.timeout.ms = 2000
	controller.quorum.retry.backoff.ms = 20
	controller.quorum.voters = []
	controller.quota.window.num = 11
	controller.quota.window.size.seconds = 1
	controller.socket.timeout.ms = 1000
	create.topic.policy.class.name = null
	default.replication.factor = 1
	delegation.token.expiry.check.interval.ms = 3600000
	delegation.token.expiry.time.ms = 86400000
	delegation.token.master.key = null
	delegation.token.max.lifetime.ms = 604800000
	delegation.token.secret.key = null
	delete.records.purgatory.purge.interval.requests = 1
	delete.topic.enable = true
	early.start.listeners = null
	eligible.leader.replicas.enable = false
	fetch.max.bytes = 57671680
	fetch.purgatory.purge.interval.requests = 1000
	group.consumer.assignors = [org.apache.kafka.coordinator.group.assignor.UniformAssignor, org.apache.kafka.coordinator.group.assignor.RangeAssignor]
	group.consumer.heartbeat.interval.ms = 5000
	group.consumer.max.heartbeat.interval.ms = 15000
	group.consumer.max.session.timeout.ms = 60000
	group.consumer.max.size = 2147483647
	group.consumer.min.heartbeat.interval.ms = 5000
	group.consumer.min.session.timeout.ms = 45000
	group.consumer.session.timeout.ms = 45000
	group.coordinator.new.enable = false
	group.coordinator.rebalance.protocols = [classic]
	group.coordinator.threads = 1
	group.initial.rebalance.delay.ms = 0
	group.max.session.timeout.ms = 1800000
	group.max.size = 2147483647
	group.min.session.timeout.ms = 6000
	initial.broker.registration.timeout.ms = 60000
	inter.broker.listener.name = null
	inter.broker.protocol.version = 3.7-IV4
	kafka.metrics.polling.interval.secs = 10
	kafka.metrics.reporters = []
	leader.imbalance.check.interval.seconds = 300
	leader.imbalance.per.broker.percentage = 10
	listener.security.protocol.map = PLAINTEXT:PLAINTEXT,SSL:SSL,SASL_PLAINTEXT:SASL_PLAINTEXT,SASL_SSL:SASL_SSL
	listeners = PLAINTEXT://localhost:0
	log.cleaner.backoff.ms = 15000
	log.cleaner.dedupe.buffer.size = 2097152
	log.cleaner.delete.retention.ms = 86400000
	log.cleaner.enable = true
	log.cleaner.io.buffer.load.factor = 0.9
	log.cleaner.io.buffer.size = 524288
	log.cleaner.io.max.bytes.per.second = 1.7976931348623157E308
	log.cleaner.max.compaction.lag.ms = 9223372036854775807
	log.cleaner.min.cleanable.ratio = 0.5
	log.cleaner.min.compaction.lag.ms = 0
	log.cleaner.threads = 1
	log.cleanup.policy = [delete]
	log.dir = /var/folders/__/vswfnq756tb78469l9y7p7gm0000gp/T/spring.kafka.c097738a-2163-4221-b855-fca77bca96ae5379202968590304754
	log.dirs = null
	log.flush.interval.messages = 9223372036854775807
	log.flush.interval.ms = null
	log.flush.offset.checkpoint.interval.ms = 60000
	log.flush.scheduler.interval.ms = 9223372036854775807
	log.flush.start.offset.checkpoint.interval.ms = 60000
	log.index.interval.bytes = 4096
	log.index.size.max.bytes = 10485760
	log.local.retention.bytes = -2
	log.local.retention.ms = -2
	log.message.downconversion.enable = true
	log.message.format.version = 3.0-IV1
	log.message.timestamp.after.max.ms = 9223372036854775807
	log.message.timestamp.before.max.ms = 9223372036854775807
	log.message.timestamp.difference.max.ms = 9223372036854775807
	log.message.timestamp.type = CreateTime
	log.preallocate = false
	log.retention.bytes = -1
	log.retention.check.interval.ms = 300000
	log.retention.hours = 168
	log.retention.minutes = null
	log.retention.ms = null
	log.roll.hours = 168
	log.roll.jitter.hours = 0
	log.roll.jitter.ms = null
	log.roll.ms = null
	log.segment.bytes = 1073741824
	log.segment.delete.delay.ms = 1000
	max.connection.creation.rate = 2147483647
	max.connections = 2147483647
	max.connections.per.ip = 2147483647
	max.connections.per.ip.overrides = 
	max.incremental.fetch.session.cache.slots = 1000
	message.max.bytes = 1048588
	metadata.log.dir = null
	metadata.log.max.record.bytes.between.snapshots = 20971520
	metadata.log.max.snapshot.interval.ms = 3600000
	metadata.log.segment.bytes = 1073741824
	metadata.log.segment.min.bytes = 8388608
	metadata.log.segment.ms = 604800000
	metadata.max.idle.interval.ms = 500
	metadata.max.retention.bytes = 104857600
	metadata.max.retention.ms = 604800000
	metric.reporters = []
	metrics.num.samples = 2
	metrics.recording.level = INFO
	metrics.sample.window.ms = 30000
	min.insync.replicas = 1
	node.id = 0
	num.io.threads = 8
	num.network.threads = 2
	num.partitions = 1
	num.recovery.threads.per.data.dir = 1
	num.replica.alter.log.dirs.threads = null
	num.replica.fetchers = 1
	offset.metadata.max.bytes = 4096
	offsets.commit.required.acks = -1
	offsets.commit.timeout.ms = 5000
	offsets.load.buffer.size = 5242880
	offsets.retention.check.interval.ms = 600000
	offsets.retention.minutes = 10080
	offsets.topic.compression.codec = 0
	offsets.topic.num.partitions = 5
	offsets.topic.replication.factor = 1
	offsets.topic.segment.bytes = 104857600
	password.encoder.cipher.algorithm = AES/CBC/PKCS5Padding
	password.encoder.iterations = 4096
	password.encoder.key.length = 128
	password.encoder.keyfactory.algorithm = null
	password.encoder.old.secret = null
	password.encoder.secret = null
	principal.builder.class = class org.apache.kafka.common.security.authenticator.DefaultKafkaPrincipalBuilder
	process.roles = []
	producer.id.expiration.check.interval.ms = 600000
	producer.id.expiration.ms = 86400000
	producer.purgatory.purge.interval.requests = 1000
	queued.max.request.bytes = -1
	queued.max.requests = 500
	quota.window.num = 11
	quota.window.size.seconds = 1
	remote.log.index.file.cache.total.size.bytes = 1073741824
	remote.log.manager.task.interval.ms = 30000
	remote.log.manager.task.retry.backoff.max.ms = 30000
	remote.log.manager.task.retry.backoff.ms = 500
	remote.log.manager.task.retry.jitter = 0.2
	remote.log.manager.thread.pool.size = 10
	remote.log.metadata.custom.metadata.max.bytes = 128
	remote.log.metadata.manager.class.name = org.apache.kafka.server.log.remote.metadata.storage.TopicBasedRemoteLogMetadataManager
	remote.log.metadata.manager.class.path = null
	remote.log.metadata.manager.impl.prefix = rlmm.config.
	remote.log.metadata.manager.listener.name = null
	remote.log.reader.max.pending.tasks = 100
	remote.log.reader.threads = 10
	remote.log.storage.manager.class.name = null
	remote.log.storage.manager.class.path = null
	remote.log.storage.manager.impl.prefix = rsm.config.
	remote.log.storage.system.enable = false
	replica.fetch.backoff.ms = 1000
	replica.fetch.max.bytes = 1048576
	replica.fetch.min.bytes = 1
	replica.fetch.response.max.bytes = 10485760
	replica.fetch.wait.max.ms = 500
	replica.high.watermark.checkpoint.interval.ms = 9223372036854775807
	replica.lag.time.max.ms = 30000
	replica.selector.class = null
	replica.socket.receive.buffer.bytes = 65536
	replica.socket.timeout.ms = 1000
	replication.quota.window.num = 11
	replication.quota.window.size.seconds = 1
	request.timeout.ms = 30000
	reserved.broker.max.id = 1000
	sasl.client.callback.handler.class = null
	sasl.enabled.mechanisms = [GSSAPI]
	sasl.jaas.config = null
	sasl.kerberos.kinit.cmd = /usr/bin/kinit
	sasl.kerberos.min.time.before.relogin = 60000
	sasl.kerberos.principal.to.local.rules = [DEFAULT]
	sasl.kerberos.service.name = null
	sasl.kerberos.ticket.renew.jitter = 0.05
	sasl.kerberos.ticket.renew.window.factor = 0.8
	sasl.login.callback.handler.class = null
	sasl.login.class = null
	sasl.login.connect.timeout.ms = null
	sasl.login.read.timeout.ms = null
	sasl.login.refresh.buffer.seconds = 300
	sasl.login.refresh.min.period.seconds = 60
	sasl.login.refresh.window.factor = 0.8
	sasl.login.refresh.window.jitter = 0.05
	sasl.login.retry.backoff.max.ms = 10000
	sasl.login.retry.backoff.ms = 100
	sasl.mechanism.controller.protocol = GSSAPI
	sasl.mechanism.inter.broker.protocol = GSSAPI
	sasl.oauthbearer.clock.skew.seconds = 30
	sasl.oauthbearer.expected.audience = null
	sasl.oauthbearer.expected.issuer = null
	sasl.oauthbearer.jwks.endpoint.refresh.ms = 3600000
	sasl.oauthbearer.jwks.endpoint.retry.backoff.max.ms = 10000
	sasl.oauthbearer.jwks.endpoint.retry.backoff.ms = 100
	sasl.oauthbearer.jwks.endpoint.url = null
	sasl.oauthbearer.scope.claim.name = scope
	sasl.oauthbearer.sub.claim.name = sub
	sasl.oauthbearer.token.endpoint.url = null
	sasl.server.callback.handler.class = null
	sasl.server.max.receive.size = 524288
	security.inter.broker.protocol = PLAINTEXT
	security.providers = null
	server.max.startup.time.ms = 9223372036854775807
	socket.connection.setup.timeout.max.ms = 30000
	socket.connection.setup.timeout.ms = 10000
	socket.listen.backlog.size = 50
	socket.receive.buffer.bytes = 102400
	socket.request.max.bytes = 104857600
	socket.send.buffer.bytes = 102400
	ssl.allow.dn.changes = false
	ssl.allow.san.changes = false
	ssl.cipher.suites = []
	ssl.client.auth = none
	ssl.enabled.protocols = [TLSv1.2, TLSv1.3]
	ssl.endpoint.identification.algorithm = https
	ssl.engine.factory.class = null
	ssl.key.password = null
	ssl.keymanager.algorithm = SunX509
	ssl.keystore.certificate.chain = null
	ssl.keystore.key = null
	ssl.keystore.location = null
	ssl.keystore.password = null
	ssl.keystore.type = JKS
	ssl.principal.mapping.rules = DEFAULT
	ssl.protocol = TLSv1.3
	ssl.provider = null
	ssl.secure.random.implementation = null
	ssl.trustmanager.algorithm = PKIX
	ssl.truststore.certificates = null
	ssl.truststore.location = null
	ssl.truststore.password = null
	ssl.truststore.type = JKS
	telemetry.max.bytes = 1048576
	transaction.abort.timed.out.transaction.cleanup.interval.ms = 10000
	transaction.max.timeout.ms = 900000
	transaction.partition.verification.enable = true
	transaction.remove.expired.transaction.cleanup.interval.ms = 3600000
	transaction.state.log.load.buffer.size = 5242880
	transaction.state.log.min.isr = 2
	transaction.state.log.num.partitions = 50
	transaction.state.log.replication.factor = 3
	transaction.state.log.segment.bytes = 104857600
	transactional.id.expiration.ms = 604800000
	unclean.leader.election.enable = false
	unstable.api.versions.enable = false
	unstable.metadata.versions.enable = true
	zookeeper.clientCnxnSocket = null
	zookeeper.connect = 127.0.0.1:61250
	zookeeper.connection.timeout.ms = 10000
	zookeeper.max.in.flight.requests = 10
	zookeeper.metadata.migration.enable = false
	zookeeper.metadata.migration.min.batch.size = 200
	zookeeper.session.timeout.ms = 18000
	zookeeper.set.acl = false
	zookeeper.ssl.cipher.suites = null
	zookeeper.ssl.client.enable = false
	zookeeper.ssl.crl.enable = false
	zookeeper.ssl.enabled.protocols = null
	zookeeper.ssl.endpoint.identification.algorithm = HTTPS
	zookeeper.ssl.keystore.location = null
	zookeeper.ssl.keystore.password = null
	zookeeper.ssl.keystore.type = null
	zookeeper.ssl.ocsp.enable = false
	zookeeper.ssl.protocol = TLSv1.2
	zookeeper.ssl.truststore.location = null
	zookeeper.ssl.truststore.password = null
	zookeeper.ssl.truststore.type = null

2024-07-09T00:29:04.668-03:00  INFO 79319 --- [maxclubcard] [    Test worker] org.apache.zookeeper.common.X509Util     : Setting -D jdk.tls.rejectClientInitiatedRenegotiation=true to disable client-initiated TLS renegotiation
2024-07-09T00:29:04.761-03:00  INFO 79319 --- [maxclubcard] [    Test worker] kafka.server.KafkaServer                 : starting
2024-07-09T00:29:04.762-03:00  INFO 79319 --- [maxclubcard] [    Test worker] kafka.server.KafkaServer                 : Connecting to zookeeper on 127.0.0.1:61250
2024-07-09T00:29:04.784-03:00  INFO 79319 --- [maxclubcard] [    Test worker] kafka.zookeeper.ZooKeeperClient          : [ZooKeeperClient Kafka server] Initializing a new session to 127.0.0.1:61250.
2024-07-09T00:29:04.788-03:00  INFO 79319 --- [maxclubcard] [    Test worker] org.apache.zookeeper.ZooKeeper           : Client environment:zookeeper.version=3.8.4-9316c2a7a97e1666d8f4593f34dd6fc36ecc436c, built on 2024-02-12 22:16 UTC
2024-07-09T00:29:04.789-03:00  INFO 79319 --- [maxclubcard] [    Test worker] org.apache.zookeeper.ZooKeeper           : Client environment:host.name=192.168.0.140
2024-07-09T00:29:04.789-03:00  INFO 79319 --- [maxclubcard] [    Test worker] org.apache.zookeeper.ZooKeeper           : Client environment:java.version=21.0.3
2024-07-09T00:29:04.789-03:00  INFO 79319 --- [maxclubcard] [    Test worker] org.apache.zookeeper.ZooKeeper           : Client environment:java.vendor=Amazon.com Inc.
2024-07-09T00:29:04.789-03:00  INFO 79319 --- [maxclubcard] [    Test worker] org.apache.zookeeper.ZooKeeper           : Client environment:java.home=/Users/diogenesrabelo/Library/Java/JavaVirtualMachines/corretto-21.0.3/Contents/Home
2024-07-09T00:29:04.789-03:00  INFO 79319 --- [maxclubcard] [    Test worker] org.apache.zookeeper.ZooKeeper           : Client environment:java.class.path=/Users/diogenesrabelo/.gradle/caches/8.8/workerMain/gradle-worker.jar:/Users/diogenesrabelo/Documents/maxclub/maxclubcard/build/classes/java/test:/Users/diogenesrabelo/Documents/maxclub/maxclubcard/build/resources/test:/Users/diogenesrabelo/Documents/maxclub/maxclubcard/build/classes/java/main:/Users/diogenesrabelo/Documents/maxclub/maxclubcard/build/resources/main:/Users/diogenesrabelo/.gradle/caches/modules-2/files-2.1/org.springframework.boot/spring-boot-starter-data-jpa/3.3.1/f12725d58a944eaf4d44334a6a7b0fe14ed08577/spring-boot-starter-data-jpa-3.3.1.jar:/Users/diogenesrabelo/.gradle/caches/modules-2/files-2.1/org.springframework.boot/spring-boot-starter-web/3.3.1/ec812e82a010d089438b6ac98ebe294f2e540f71/spring-boot-starter-web-3.3.1.jar:/Users/diogenesrabelo/.gradle/caches/modules-2/files-2.1/org.springdoc/springdoc-openapi-starter-webmvc-ui/2.5.0/e81e60e9be9fd65503071337e634b6056127a2fb/springdoc-openapi-starter-webmvc-ui-2.5.0.jar:/Users/diogenesrabelo/.gradle/caches/modules-2/files-2.1/org.springframework.kafka/spring-kafka/3.2.1/ebd9d79b63e9b343f589168a1441f4686a1daeda/spring-kafka-3.2.1.jar:/Users/diogenesrabelo/.gradle/caches/modules-2/files-2.1/org.projectlombok/lombok/1.18.34/ec547ef414ab1d2c040118fb9c1c265ada63af14/lombok-1.18.34.jar:/Users/diogenesrabelo/.gradle/caches/modules-2/files-2.1/com.mysql/mysql-connector-j/8.3.0/1cc7fa5d61f4bbc113531a4ba6d85d41cf3d57e1/mysql-connector-j-8.3.0.jar:/Users/diogenesrabelo/.gradle/caches/modules-2/files-2.1/org.springframework.boot/spring-boot-starter-test/3.3.1/4ca82495c11ccba4998fc4e6f195ff6d5673b96b/spring-boot-starter-test-3.3.1.jar:/Users/diogenesrabelo/.gradle/caches/modules-2/files-2.1/org.testcontainers/mysql/1.19.8/f6aa99d924764816efd7f18c7d7bc17ee2f11853/mysql-1.19.8.jar:/Users/diogenesrabelo/.gradle/caches/modules-2/files-2.1/org.springframework.kafka/spring-kafka-test/3.2.1/9d6903dbf9f222042d832b710d10925206b10517/spring-kafka-test-3.2.1.jar:/Users/diogenesrabelo/.gradle/caches/modules-2/files-2.1/org.junit.jupiter/junit-jupiter/5.10.2/831c0b86ddc2ce38391c5b81ea662b0cfdc02cce/junit-jupiter-5.10.2.jar:/Users/diogenesrabelo/.gradle/caches/modules-2/files-2.1/org.mockito/mockito-junit-jupiter/5.11.0/8e658dd339f40305ed4293db25545b5df98b171b/mockito-junit-jupiter-5.11.0.jar:/Users/diogenesrabelo/.gradle/caches/modules-2/files-2.1/org.junit.jupiter/junit-jupiter-params/5.10.2/359132c82a9d3fa87a325db6edd33b5fdc67a3d8/junit-jupiter-params-5.10.2.jar:/Users/diogenesrabelo/.gradle/caches/modules-2/files-2.1/org.junit.jupiter/junit-jupiter-engine/5.10.2/f1f8fe97bd58e85569205f071274d459c2c4f8cd/junit-jupiter-engine-5.10.2.jar:/Users/diogenesrabelo/.gradle/caches/modules-2/files-2.1/org.junit.jupiter/junit-jupiter-api/5.10.2/fb55d6e2bce173f35fd28422e7975539621055ef/junit-jupiter-api-5.10.2.jar:/Users/diogenesrabelo/.gradle/caches/modules-2/files-2.1/org.junit.platform/junit-platform-engine/1.10.2/d53bb4e0ce7f211a498705783440614bfaf0df2e/junit-platform-engine-1.10.2.jar:/Users/diogenesrabelo/.gradle/caches/modules-2/files-2.1/org.junit.platform/junit-platform-commons/1.10.2/3197154a1f0c88da46c47a9ca27611ac7ec5d797/junit-platform-commons-1.10.2.jar:/Users/diogenesrabelo/.gradle/caches/modules-2/files-2.1/org.junit.platform/junit-platform-launcher/1.10.2/8125dd29e847ca274dd1a7a9ca54859acc284cb3/junit-platform-launcher-1.10.2.jar:/Users/diogenesrabelo/.gradle/caches/modules-2/files-2.1/com.h2database/h2/2.2.224/7bdade27d8cd197d9b5ce9dc251f41d2edc5f7ad/h2-2.2.224.jar:/Users/diogenesrabelo/.gradle/caches/modules-2/files-2.1/org.springframework.boot/spring-boot-starter-aop/3.3.1/19da2c8abacda5bed6fadfe3e76e4b61e9cc0f09/spring-boot-starter-aop-3.3.1.jar:/Users/diogenesrabelo/.gradle/caches/modules-2/files-2.1/org.springframework.boot/spring-boot-starter-jdbc/3.3.1/73e79247180d277b68801ff5f4f9e9ab66210335/spring-boot-starter-jdbc-3.3.1.jar:/Users/diogenesrabelo/.gradle/caches/modules-2/files-2.1/org.hibernate.orm/hibernate-core/6.5.2.Final/e9e0cc47f6cd2b2553968aee66bd9e55e7485221/hibernate-core-6.5.2.Final.jar:/Users/diogenesrabelo/.gradle/caches/modules-2/files-2.1/org.springframework.data/spring-data-jpa/3.3.1/bf75f2140be9325d78de2c1c88eb9b7388a41bb1/spring-data-jpa-3.3.1.jar:/Users/diogenesrabelo/.gradle/caches/modules-2/files-2.1/org.springframework/spring-aspects/6.1.10/8d869a8bcc99e71b98b9d5ca141539d6e6ba3061/spring-aspects-6.1.10.jar:/Users/diogenesrabelo/.gradle/caches/modules-2/files-2.1/org.springframework.boot/spring-boot-starter-json/3.3.1/b78d1ce67c3a44e8a2c2799b70e8c216166d0f5b/spring-boot-starter-json-3.3.1.jar:/Users/diogenesrabelo/.gradle/caches/modules-2/files-2.1/org.springframework.boot/spring-boot-starter/3.3.1/30e0ac13cfa51c77db60909ea28572a1e973f186/spring-boot-starter-3.3.1.jar:/Users/diogenesrabelo/.gradle/caches/modules-2/files-2.1/org.springframework.boot/spring-boot-starter-tomcat/3.3.1/78bc3dedeb8abcea03f35d24f6779e0a3c6080d2/spring-boot-starter-tomcat-3.3.1.jar:/Users/diogenesrabelo/.gradle/caches/modules-2/files-2.1/org.springdoc/springdoc-openapi-starter-webmvc-api/2.5.0/a450d666f17b10adff53703b16bc77954a045fd2/springdoc-openapi-starter-webmvc-api-2.5.0.jar:/Users/diogenesrabelo/.gradle/caches/modules-2/files-2.1/org.springframework/spring-webmvc/6.1.10/476344c2f21ab070bc72108375d9355f2ec0ddd1/spring-webmvc-6.1.10.jar:/Users/diogenesrabelo/.gradle/caches/modules-2/files-2.1/org.springframework/spring-web/6.1.10/876a856af61ef5712fb9a3013b798aa2b4a9475e/spring-web-6.1.10.jar:/Users/diogenesrabelo/.gradle/caches/modules-2/files-2.1/org.webjars/swagger-ui/5.13.0/262a148333ae8c7fd0e23606855ec516e473efd/swagger-ui-5.13.0.jar:/Users/diogenesrabelo/.gradle/caches/modules-2/files-2.1/org.springframework.boot/spring-boot-test-autoconfigure/3.3.1/be1e596cbe14f0102e1fd97bbc86b5910ed64396/spring-boot-test-autoconfigure-3.3.1.jar:/Users/diogenesrabelo/.gradle/caches/modules-2/files-2.1/org.springframework.boot/spring-boot-test/3.3.1/68f65454a9d7d84d077144bdd44bdda66cd3edb/spring-boot-test-3.3.1.jar:/Users/diogenesrabelo/.gradle/caches/modules-2/files-2.1/org.springdoc/springdoc-openapi-starter-common/2.5.0/d83078092cc4e61ef502018c7560d466210cc14e/springdoc-openapi-starter-common-2.5.0.jar:/Users/diogenesrabelo/.gradle/caches/modules-2/files-2.1/org.springframework.boot/spring-boot-autoconfigure/3.3.1/36a6489e3ba5e34163bddb5134021de9ce101abc/spring-boot-autoconfigure-3.3.1.jar:/Users/diogenesrabelo/.gradle/caches/modules-2/files-2.1/org.springframework.boot/spring-boot/3.3.1/2c5cfe68bc12646ce44663f865d39c747a28f2c7/spring-boot-3.3.1.jar:/Users/diogenesrabelo/.gradle/caches/modules-2/files-2.1/org.springframework/spring-context/6.1.10/6f869ea35a26028f3bfbfb52c72ef2b077fbb6e5/spring-context-6.1.10.jar:/Users/diogenesrabelo/.gradle/caches/modules-2/files-2.1/org.springframework/spring-messaging/6.1.10/7bdfa101b8e38c450738c4eb040ca7686ccb4ab9/spring-messaging-6.1.10.jar:/Users/diogenesrabelo/.gradle/caches/modules-2/files-2.1/org.springframework/spring-orm/6.1.10/b4cd93ddd043407b3ba3fdfca3b07db776581fec/spring-orm-6.1.10.jar:/Users/diogenesrabelo/.gradle/caches/modules-2/files-2.1/org.springframework/spring-jdbc/6.1.10/bba7d7de1d944443bd9e45d0ebcbbb6ec6864be0/spring-jdbc-6.1.10.jar:/Users/diogenesrabelo/.gradle/caches/modules-2/files-2.1/org.springframework/spring-tx/6.1.10/1a2361bc1881ed1a0dc2e09561e8f560e1949c8e/spring-tx-6.1.10.jar:/Users/diogenesrabelo/.gradle/caches/modules-2/files-2.1/org.springframework.retry/spring-retry/2.0.6/812ca80eb5f418c679cb239d2d009c4bf075f3a/spring-retry-2.0.6.jar:/Users/diogenesrabelo/.gradle/caches/modules-2/files-2.1/org.apache.kafka/kafka_2.13/3.7.0/934e18772cfe578e6ef7ad97160d0945c711b11/kafka_2.13-3.7.0.jar:/Users/diogenesrabelo/.gradle/caches/modules-2/files-2.1/org.apache.kafka/kafka_2.13/3.7.0/cc1a248cbcf097e2706239f33038a82f815f9b07/kafka_2.13-3.7.0-test.jar:/Users/diogenesrabelo/.gradle/caches/modules-2/files-2.1/org.apache.kafka/kafka-group-coordinator/3.7.0/358c55717747bd102aec77cc7f00a1d96e80b5af/kafka-group-coordinator-3.7.0.jar:/Users/diogenesrabelo/.gradle/caches/modules-2/files-2.1/org.apache.kafka/kafka-metadata/3.7.0/2acd16b1fcf3d7e38319d25e514aabca6d9adcff/kafka-metadata-3.7.0.jar:/Users/diogenesrabelo/.gradle/caches/modules-2/files-2.1/org.apache.kafka/kafka-raft/3.7.0/f415266ee2245e860a0ffaa34dc2a2748d60d8bc/kafka-raft-3.7.0.jar:/Users/diogenesrabelo/.gradle/caches/modules-2/files-2.1/org.apache.kafka/kafka-storage/3.7.0/8c66d73cde8d504fa1163579b01a3311b8f75eaa/kafka-storage-3.7.0.jar:/Users/diogenesrabelo/.gradle/caches/modules-2/files-2.1/org.apache.kafka/kafka-storage-api/3.7.0/b6d97fd649fdf04522efcc88208d78c7e7aeb7fd/kafka-storage-api-3.7.0.jar:/Users/diogenesrabelo/.gradle/caches/modules-2/files-2.1/org.apache.kafka/kafka-server/3.7.0/c17c84e9784a0e3dee7d2dc9d8e15997632865e6/kafka-server-3.7.0.jar:/Users/diogenesrabelo/.gradle/caches/modules-2/files-2.1/org.apache.kafka/kafka-server-common/3.7.0/4ab962cc069c6962c9b36a04a09f638af2a76378/kafka-server-common-3.7.0.jar:/Users/diogenesrabelo/.gradle/caches/modules-2/files-2.1/org.apache.kafka/kafka-server-common/3.7.0/49cb3089e09f94c16351dc31f6079176a2db0dc/kafka-server-common-3.7.0-test.jar:/Users/diogenesrabelo/.gradle/caches/modules-2/files-2.1/org.apache.kafka/kafka-streams-test-utils/3.7.0/682ee0ba9dd9c75ac22c96d195ccd39cf3aeb650/kafka-streams-test-utils-3.7.0.jar:/Users/diogenesrabelo/.gradle/caches/modules-2/files-2.1/org.apache.kafka/kafka-streams/3.7.0/bc6ebe8f19fe964a14a87edd0b4f009c546e0117/kafka-streams-3.7.0.jar:/Users/diogenesrabelo/.gradle/caches/modules-2/files-2.1/org.apache.kafka/kafka-tools-api/3.7.0/5ff64cc68dc4f74e28689d42ac1414d01d925ed9/kafka-tools-api-3.7.0.jar:/Users/diogenesrabelo/.gradle/caches/modules-2/files-2.1/org.apache.kafka/kafka-clients/3.7.0/b8f9f75bc3edc06f842dd16071465544198bc045/kafka-clients-3.7.0.jar:/Users/diogenesrabelo/.gradle/caches/modules-2/files-2.1/org.apache.kafka/kafka-clients/3.7.0/d7ed0c6a4fe99285298f015e01a5a357ef7d359f/kafka-clients-3.7.0-test.jar:/Users/diogenesrabelo/.gradle/caches/modules-2/files-2.1/io.micrometer/micrometer-observation/1.13.1/f6f5fa79e482431531cc253a7204e5c085c7bb20/micrometer-observation-1.13.1.jar:/Users/diogenesrabelo/.gradle/caches/modules-2/files-2.1/com.jayway.jsonpath/json-path/2.9.0/37fe2217f577b0b68b18e62c4d17a8858ecf9b69/json-path-2.9.0.jar:/Users/diogenesrabelo/.gradle/caches/modules-2/files-2.1/org.glassfish.jaxb/jaxb-runtime/4.0.5/ca84c2a7169b5293e232b9d00d1e4e36d4c3914a/jaxb-runtime-4.0.5.jar:/Users/diogenesrabelo/.gradle/caches/modules-2/files-2.1/org.glassfish.jaxb/jaxb-core/4.0.5/7b4b11ea5542eea4ad55e1080b23be436795b3/jaxb-core-4.0.5.jar:/Users/diogenesrabelo/.gradle/caches/modules-2/files-2.1/io.swagger.core.v3/swagger-core-jakarta/2.2.21/b7d961d3431bb200af600c5bb6b68024c2f6282c/swagger-core-jakarta-2.2.21.jar:/Users/diogenesrabelo/.gradle/caches/modules-2/files-2.1/jakarta.xml.bind/jakarta.xml.bind-api/4.0.2/6cd5a999b834b63238005b7144136379dc36cad2/jakarta.xml.bind-api-4.0.2.jar:/Users/diogenesrabelo/.gradle/caches/modules-2/files-2.1/net.minidev/json-smart/2.5.1/4c11d2808d009132dfbbf947ebf37de6bf266c8e/json-smart-2.5.1.jar:/Users/diogenesrabelo/.gradle/caches/modules-2/files-2.1/org.assertj/assertj-core/3.25.3/792b270e73aa1cfc28fa135be0b95e69ea451432/assertj-core-3.25.3.jar:/Users/diogenesrabelo/.gradle/caches/modules-2/files-2.1/org.awaitility/awaitility/4.2.1/e56b600e0b184182ba5b2baccd2bab593a98a624/awaitility-4.2.1.jar:/Users/diogenesrabelo/.gradle/caches/modules-2/files-2.1/org.testcontainers/jdbc/1.19.8/c2282cb89ecf269885fb1a3f8add78760175274c/jdbc-1.19.8.jar:/Users/diogenesrabelo/.gradle/caches/modules-2/files-2.1/org.testcontainers/database-commons/1.19.8/4e6777f6dd803ed35d47ab6035c962329e87692e/database-commons-1.19.8.jar:/Users/diogenesrabelo/.gradle/caches/modules-2/files-2.1/org.testcontainers/testcontainers/1.19.8/f29b06c6f2aa69f4125f6cb95ed61d3efe63c30/testcontainers-1.19.8.jar:/Users/diogenesrabelo/.gradle/caches/modules-2/files-2.1/junit/junit/4.13.2/8ac9e16d933b6fb43bc7f576336b8f4d7eb5ba12/junit-4.13.2.jar:/Users/diogenesrabelo/.gradle/caches/modules-2/files-2.1/org.hamcrest/hamcrest-core/2.2/3f2bd07716a31c395e2837254f37f21f0f0ab24b/hamcrest-core-2.2.jar:/Users/diogenesrabelo/.gradle/caches/modules-2/files-2.1/org.hamcrest/hamcrest/2.2/1820c0968dba3a11a1b30669bb1f01978a91dedc/hamcrest-2.2.jar:/Users/diogenesrabelo/.gradle/caches/modules-2/files-2.1/org.mockito/mockito-core/5.11.0/e4069fa4f4ff2c94322cfec5f2e45341c6c70aff/mockito-core-5.11.0.jar:/Users/diogenesrabelo/.gradle/caches/modules-2/files-2.1/org.skyscreamer/jsonassert/1.5.1/6d842d0faf4cf6725c509a5e5347d319ee0431c3/jsonassert-1.5.1.jar:/Users/diogenesrabelo/.gradle/caches/modules-2/files-2.1/org.springframework/spring-test/6.1.10/82d3c12836121e37843f21bf382a8c46c0448b59/spring-test-6.1.10.jar:/Users/diogenesrabelo/.gradle/caches/modules-2/files-2.1/org.springframework/spring-aop/6.1.10/aa6a147eb08820fb503a992a8fe2c9fee3439129/spring-aop-6.1.10.jar:/Users/diogenesrabelo/.gradle/caches/modules-2/files-2.1/org.springframework.data/spring-data-commons/3.3.1/fe179b4f9f5d4fafdcf9e2a2030033d61423c3f6/spring-data-commons-3.3.1.jar:/Users/diogenesrabelo/.gradle/caches/modules-2/files-2.1/org.springframework/spring-beans/6.1.10/a49252929fb2918f73eb7659ef98dff7306a7c2c/spring-beans-6.1.10.jar:/Users/diogenesrabelo/.gradle/caches/modules-2/files-2.1/org.springframework/spring-expression/6.1.10/a17d61f1388d0e13d6e7a740304e9d648fffc7c/spring-expression-6.1.10.jar:/Users/diogenesrabelo/.gradle/caches/modules-2/files-2.1/org.springframework/spring-core/6.1.10/eaf5b1f3e3bb5aa8b45ab255cf3270c1c4578f1d/spring-core-6.1.10.jar:/Users/diogenesrabelo/.gradle/caches/modules-2/files-2.1/org.xmlunit/xmlunit-core/2.9.1/e5833662d9a1279a37da3ef6f62a1da29fcd68c4/xmlunit-core-2.9.1.jar:/Users/diogenesrabelo/.gradle/caches/modules-2/files-2.1/org.apache.zookeeper/zookeeper/3.8.4/6638e37b887b5a279044afbdc9928e19f678eb2e/zookeeper-3.8.4.jar:/Users/diogenesrabelo/.gradle/caches/modules-2/files-2.1/org.aspectj/aspectjweaver/1.9.22/10736ab74a53af5e2e1b07e76335a5391526b6f8/aspectjweaver-1.9.22.jar:/Users/diogenesrabelo/.gradle/caches/modules-2/files-2.1/com.zaxxer/HikariCP/5.1.0/8c96e36c14461fc436bb02b264b96ef3ca5dca8c/HikariCP-5.1.0.jar:/Users/diogenesrabelo/.gradle/caches/modules-2/files-2.1/jakarta.persistence/jakarta.persistence-api/3.1.0/66901fa1c373c6aff65c13791cc11da72060a8d6/jakarta.persistence-api-3.1.0.jar:/Users/diogenesrabelo/.gradle/caches/modules-2/files-2.1/jakarta.transaction/jakarta.transaction-api/2.0.1/51a520e3fae406abb84e2e1148e6746ce3f80a1a/jakarta.transaction-api-2.0.1.jar:/Users/diogenesrabelo/.gradle/caches/modules-2/files-2.1/org.jboss.logging/jboss-logging/3.5.3.Final/c88fc1d8a96d4c3491f55d4317458ccad53ca663/jboss-logging-3.5.3.Final.jar:/Users/diogenesrabelo/.gradle/caches/modules-2/files-2.1/org.hibernate.common/hibernate-commons-annotations/6.0.6.Final/77a5f94b56d49508e0ee334751db5b78e5ccd50c/hibernate-commons-annotations-6.0.6.Final.jar:/Users/diogenesrabelo/.gradle/caches/modules-2/files-2.1/io.smallrye/jandex/3.1.2/a6c1c89925c7df06242b03dddb353116ceb9584c/jandex-3.1.2.jar:/Users/diogenesrabelo/.gradle/caches/modules-2/files-2.1/com.fasterxml/classmate/1.7.0/e98374da1f2143ac8e6e0a95036994bb19137a3/classmate-1.7.0.jar:/Users/diogenesrabelo/.gradle/caches/modules-2/files-2.1/net.bytebuddy/byte-buddy/1.14.17/a8d08f3c1e75ecc7f38a8cfd7e9fa47919096373/byte-buddy-1.14.17.jar:/Users/diogenesrabelo/.gradle/caches/modules-2/files-2.1/jakarta.inject/jakarta.inject-api/2.0.1/4c28afe1991a941d7702fe1362c365f0a8641d1e/jakarta.inject-api-2.0.1.jar:/Users/diogenesrabelo/.gradle/caches/modules-2/files-2.1/org.antlr/antlr4-runtime/4.13.0/5a02e48521624faaf5ff4d99afc88b01686af655/antlr4-runtime-4.13.0.jar:/Users/diogenesrabelo/.gradle/caches/modules-2/files-2.1/jakarta.annotation/jakarta.annotation-api/2.1.1/48b9bda22b091b1f48b13af03fe36db3be6e1ae3/jakarta.annotation-api-2.1.1.jar:/Users/diogenesrabelo/.gradle/caches/modules-2/files-2.1/org.springframework.boot/spring-boot-starter-logging/3.3.1/2097eebccdf7556cf42c8a74a5da64420ac143a1/spring-boot-starter-logging-3.3.1.jar:/Users/diogenesrabelo/.gradle/caches/modules-2/files-2.1/ch.qos.logback/logback-classic/1.5.6/afc75d260d838a3bddfb8f207c2805ed7d1b34f9/logback-classic-1.5.6.jar:/Users/diogenesrabelo/.gradle/caches/modules-2/files-2.1/com.yammer.metrics/metrics-core/2.2.0/f82c035cfa786d3cbec362c38c22a5f5b1bc8724/metrics-core-2.2.0.jar:/Users/diogenesrabelo/.gradle/caches/modules-2/files-2.1/org.bitbucket.b_c/jose4j/0.9.4/7efe6ccf593e52a2b77f98de52238f15b4a67188/jose4j-0.9.4.jar:/Users/diogenesrabelo/.gradle/caches/modules-2/files-2.1/com.typesafe.scala-logging/scala-logging_2.13/3.9.4/e5838ddcf8c1c2b612a7956b9f80423a508675db/scala-logging_2.13-3.9.4.jar:/Users/diogenesrabelo/.gradle/caches/modules-2/files-2.1/io.dropwizard.metrics/metrics-core/4.1.12.1/cb2f351bf4463751201f43bb99865235d5ba07ca/metrics-core-4.1.12.1.jar:/Users/diogenesrabelo/.gradle/caches/modules-2/files-2.1/org.apache.logging.log4j/log4j-to-slf4j/2.23.1/425ad1eb8a39904d2830e907a324e956fb456520/log4j-to-slf4j-2.23.1.jar:/Users/diogenesrabelo/.gradle/caches/modules-2/files-2.1/org.slf4j/jul-to-slf4j/2.0.13/a3bcd9d9dd50c71ce69f06b1fd05e40fdeff6ba5/jul-to-slf4j-2.0.13.jar:/Users/diogenesrabelo/.gradle/caches/modules-2/files-2.1/com.github.docker-java/docker-java-api/3.3.6/8e152880bfe595c81a25501e21a6d7b1d4df97be/docker-java-api-3.3.6.jar:/Users/diogenesrabelo/.gradle/caches/modules-2/files-2.1/com.github.docker-java/docker-java-transport-zerodep/3.3.6/c9cde0239ce03376f6dfd0465bd461853af22196/docker-java-transport-zerodep-3.3.6.jar:/Users/diogenesrabelo/.gradle/caches/modules-2/files-2.1/org.slf4j/slf4j-api/2.0.13/80229737f704b121a318bba5d5deacbcf395bc77/slf4j-api-2.0.13.jar:/Users/diogenesrabelo/.gradle/caches/modules-2/files-2.1/com.fasterxml.jackson.datatype/jackson-datatype-jdk8/2.17.1/76b495194c36058904c82e288d285a1bd13f0ffa/jackson-datatype-jdk8-2.17.1.jar:/Users/diogenesrabelo/.gradle/caches/modules-2/files-2.1/com.fasterxml.jackson.datatype/jackson-datatype-jsr310/2.17.1/969b0c3cb8c75d759e9a6c585c44c9b9f3a4f75/jackson-datatype-jsr310-2.17.1.jar:/Users/diogenesrabelo/.gradle/caches/modules-2/files-2.1/com.fasterxml.jackson.module/jackson-module-parameter-names/2.17.1/74a998f6fbcedbddedf0a27e8ce72078b2e516a6/jackson-module-parameter-names-2.17.1.jar:/Users/diogenesrabelo/.gradle/caches/modules-2/files-2.1/com.fasterxml.jackson.module/jackson-module-scala_2.13/2.17.1/6012ea27487cf8cca804d4bc4ad0a8911a7bde42/jackson-module-scala_2.13-2.17.1.jar:/Users/diogenesrabelo/.gradle/caches/modules-2/files-2.1/com.fasterxml.jackson.dataformat/jackson-dataformat-csv/2.17.1/fd1b5f9faa13247f817232644790d889b7c63a79/jackson-dataformat-csv-2.17.1.jar:/Users/diogenesrabelo/.gradle/caches/modules-2/files-2.1/com.fasterxml.jackson.core/jackson-databind/2.17.1/524dcbcccdde7d45a679dfc333e4763feb09079/jackson-databind-2.17.1.jar:/Users/diogenesrabelo/.gradle/caches/modules-2/files-2.1/io.swagger.core.v3/swagger-models-jakarta/2.2.21/3f6ed502304a3a2cc4ae847dbdc956ba010e8261/swagger-models-jakarta-2.2.21.jar:/Users/diogenesrabelo/.gradle/caches/modules-2/files-2.1/com.fasterxml.jackson.core/jackson-annotations/2.17.1/fca7ef6192c9ad05d07bc50da991bf937a84af3a/jackson-annotations-2.17.1.jar:/Users/diogenesrabelo/.gradle/caches/modules-2/files-2.1/com.fasterxml.jackson.core/jackson-core/2.17.1/5e52a11644cd59a28ef79f02bddc2cc3bab45edb/jackson-core-2.17.1.jar:/Users/diogenesrabelo/.gradle/caches/modules-2/files-2.1/com.fasterxml.jackson.dataformat/jackson-dataformat-yaml/2.17.1/b4c7b8a9ea3f398116a75c146b982b22afebc4ee/jackson-dataformat-yaml-2.17.1.jar:/Users/diogenesrabelo/.gradle/caches/modules-2/files-2.1/org.yaml/snakeyaml/2.2/3af797a25458550a16bf89acc8e4ab2b7f2bfce0/snakeyaml-2.2.jar:/Users/diogenesrabelo/.gradle/caches/modules-2/files-2.1/org.apache.tomcat.embed/tomcat-embed-websocket/10.1.25/efd7848a9677e9a7cf8367b43213805eca70805/tomcat-embed-websocket-10.1.25.jar:/Users/diogenesrabelo/.gradle/caches/modules-2/files-2.1/org.apache.tomcat.embed/tomcat-embed-core/10.1.25/c1e5ee12f537e6b4fea2b98a7160dcf0db610561/tomcat-embed-core-10.1.25.jar:/Users/diogenesrabelo/.gradle/caches/modules-2/files-2.1/org.apache.tomcat.embed/tomcat-embed-el/10.1.25/2f030e4971e29245c10e58723fb6b364ce23933b/tomcat-embed-el-10.1.25.jar:/Users/diogenesrabelo/.gradle/caches/modules-2/files-2.1/com.github.luben/zstd-jni/1.5.5-6/f29e8571c4948a5e6409e9780d2f90b9170e615a/zstd-jni-1.5.5-6.jar:/Users/diogenesrabelo/.gradle/caches/modules-2/files-2.1/org.lz4/lz4-java/1.8.0/4b986a99445e49ea5fbf5d149c4b63f6ed6c6780/lz4-java-1.8.0.jar:/Users/diogenesrabelo/.gradle/caches/modules-2/files-2.1/org.xerial.snappy/snappy-java/1.1.10.5/ac605269f3598506196e469f1fb0d7ed5c55059e/snappy-java-1.1.10.5.jar:/Users/diogenesrabelo/.gradle/caches/modules-2/files-2.1/io.micrometer/micrometer-commons/1.13.1/5629ecbcc84a9f29e1cf976718de2497e50932bf/micrometer-commons-1.13.1.jar:/Users/diogenesrabelo/.gradle/caches/modules-2/files-2.1/org.eclipse.angus/angus-activation/2.0.2/41f1e0ddd157c856926ed149ab837d110955a9fc/angus-activation-2.0.2.jar:/Users/diogenesrabelo/.gradle/caches/modules-2/files-2.1/jakarta.activation/jakarta.activation-api/2.1.3/fa165bd70cda600368eee31555222776a46b881f/jakarta.activation-api-2.1.3.jar:/Users/diogenesrabelo/.gradle/caches/modules-2/files-2.1/net.minidev/accessors-smart/2.5.1/19b820261eb2e7de7d5bde11d1c06e4501dd7e5f/accessors-smart-2.5.1.jar:/Users/diogenesrabelo/.gradle/caches/modules-2/files-2.1/net.bytebuddy/byte-buddy-agent/1.14.17/e3c251a39dc90badaf71c83427ba46840f219d8d/byte-buddy-agent-1.14.17.jar:/Users/diogenesrabelo/.gradle/caches/modules-2/files-2.1/org.objenesis/objenesis/3.3/1049c09f1de4331e8193e579448d0916d75b7631/objenesis-3.3.jar:/Users/diogenesrabelo/.gradle/caches/modules-2/files-2.1/com.vaadin.external.google/android-json/0.0.20131108.vaadin1/fa26d351fe62a6a17f5cda1287c1c6110dec413f/android-json-0.0.20131108.vaadin1.jar:/Users/diogenesrabelo/.gradle/caches/modules-2/files-2.1/org.springframework/spring-jcl/6.1.10/c22c18cf6ed7d768676816347f020a6868663224/spring-jcl-6.1.10.jar:/Users/diogenesrabelo/.gradle/caches/modules-2/files-2.1/org.apache.zookeeper/zookeeper-jute/3.8.4/de7b8a41bbe1ccdfc009de51fa6d160db3ca8025/zookeeper-jute-3.8.4.jar:/Users/diogenesrabelo/.gradle/caches/modules-2/files-2.1/org.apache.yetus/audience-annotations/0.12.0/e0efa60318229590103e31c69ebdaae56d903644/audience-annotations-0.12.0.jar:/Users/diogenesrabelo/.gradle/caches/modules-2/files-2.1/io.netty/netty-handler/4.1.111.Final/2bc6a58ad2e9e279634b6e55022e8dcd3c175cc4/netty-handler-4.1.111.Final.jar:/Users/diogenesrabelo/.gradle/caches/modules-2/files-2.1/io.netty/netty-transport-native-epoll/4.1.111.Final/cae30e0d49c35235f019d0a4419271c4241ddc1a/netty-transport-native-epoll-4.1.111.Final.jar:/Users/diogenesrabelo/.gradle/caches/modules-2/files-2.1/ch.qos.logback/logback-core/1.5.6/41cbe874701200c5624c19e0ab50d1b88dfcc77d/logback-core-1.5.6.jar:/Users/diogenesrabelo/.gradle/caches/modules-2/files-2.1/commons-io/commons-io/2.11.0/a2503f302b11ebde7ebc3df41daebe0e4eea3689/commons-io-2.11.0.jar:/Users/diogenesrabelo/.gradle/caches/modules-2/files-2.1/net.sf.jopt-simple/jopt-simple/5.0.4/4fdac2fbe92dfad86aa6e9301736f6b4342a3f5c/jopt-simple-5.0.4.jar:/Users/diogenesrabelo/.gradle/caches/modules-2/files-2.1/org.pcollections/pcollections/4.0.1/59f3bf5fb28c5f5386804dcf129267416b75d7c/pcollections-4.0.1.jar:/Users/diogenesrabelo/.gradle/caches/modules-2/files-2.1/net.sourceforge.argparse4j/argparse4j/0.7.0/6f0621d0c3888de
[...]
2024-07-09T00:29:07.415-03:00  INFO 79319 --- [maxclubcard] [er-event-thread] state.change.logger                      : [Controller id=0 epoch=1] Changed partition __consumer_offsets-1 from NewPartition to OnlinePartition with state LeaderAndIsr(leader=0, leaderEpoch=0, isrWithBrokerEpoch=List(BrokerState(brokerId=0, brokerEpoch=-1)), leaderRecoveryState=RECOVERED, partitionEpoch=0)
2024-07-09T00:29:07.415-03:00  INFO 79319 --- [maxclubcard] [er-event-thread] state.change.logger                      : [Controller id=0 epoch=1] Sending LeaderAndIsr request to broker 0 with 5 become-leader and 0 become-follower partitions
2024-07-09T00:29:07.416-03:00  INFO 79319 --- [maxclubcard] [er-event-thread] state.change.logger                      : [Controller id=0 epoch=1] Sending UpdateMetadata request to brokers HashSet(0) for 5 partitions
2024-07-09T00:29:07.416-03:00  INFO 79319 --- [maxclubcard] [er-event-thread] state.change.logger                      : [Controller id=0 epoch=1] Sending UpdateMetadata request to brokers HashSet() for 0 partitions
2024-07-09T00:29:07.418-03:00  INFO 79319 --- [maxclubcard] [quest-handler-2] state.change.logger                      : [Broker id=0] Handling LeaderAndIsr request correlationId 3 from controller 0 for 5 partitions
2024-07-09T00:29:07.422-03:00  INFO 79319 --- [maxclubcard] [quest-handler-2] kafka.server.ReplicaFetcherManager       : [ReplicaFetcherManager on broker 0] Removed fetcher for partitions HashSet(__consumer_offsets-4, __consumer_offsets-3, __consumer_offsets-2, __consumer_offsets-0, __consumer_offsets-1)
2024-07-09T00:29:07.422-03:00  INFO 79319 --- [maxclubcard] [quest-handler-2] state.change.logger                      : [Broker id=0] Stopped fetchers as part of LeaderAndIsr request correlationId 3 from controller 0 epoch 1 as part of the become-leader transition for 5 partitions
2024-07-09T00:29:07.423-03:00  INFO 79319 --- [maxclubcard] [    Test worker] b.c.d.m.e.p.impl.ProducerServiceImpl     : M=send, message=Mensagem enviada para o topico: 'testMessage'
2024-07-09T00:29:07.433-03:00  INFO 79319 --- [maxclubcard] [er-event-thread] kafka.controller.KafkaController         : [Controller id=0] Acquired new producerId block ProducerIdsBlock(assignedBrokerId=0, firstProducerId=0, size=1000) by writing to Zk with path version 1
2024-07-09T00:29:07.436-03:00  INFO 79319 --- [maxclubcard] [quest-handler-2] kafka.log.UnifiedLog$                    : [LogLoader partition=__consumer_offsets-3, dir=/var/folders/__/vswfnq756tb78469l9y7p7gm0000gp/T/spring.kafka.c097738a-2163-4221-b855-fca77bca96ae5379202968590304754] Loading producer state till offset 0 with message format version 2
2024-07-09T00:29:07.437-03:00  INFO 79319 --- [maxclubcard] [quest-handler-2] kafka.log.LogManager                     : Created log for partition __consumer_offsets-3 in /var/folders/__/vswfnq756tb78469l9y7p7gm0000gp/T/spring.kafka.c097738a-2163-4221-b855-fca77bca96ae5379202968590304754/__consumer_offsets-3 with properties {cleanup.policy=compact, compression.type="producer", segment.bytes=104857600}
2024-07-09T00:29:07.438-03:00  INFO 79319 --- [maxclubcard] [quest-handler-2] kafka.cluster.Partition                  : [Partition __consumer_offsets-3 broker=0] No checkpointed highwatermark is found for partition __consumer_offsets-3
2024-07-09T00:29:07.438-03:00  INFO 79319 --- [maxclubcard] [quest-handler-2] kafka.cluster.Partition                  : [Partition __consumer_offsets-3 broker=0] Log loaded for partition __consumer_offsets-3 with initial high watermark 0
2024-07-09T00:29:07.438-03:00  INFO 79319 --- [maxclubcard] [quest-handler-2] state.change.logger                      : [Broker id=0] Leader __consumer_offsets-3 with topic id Some(yB7Og6sSRCGrMZdQ0s8ZfA) starts at leader epoch 0 from offset 0 with partition epoch 0, high watermark 0, ISR [0], adding replicas [] and removing replicas [] . Previous leader None and previous leader epoch was -1.
2024-07-09T00:29:07.491-03:00  INFO 79319 --- [maxclubcard] [quest-handler-2] kafka.log.UnifiedLog$                    : [LogLoader partition=__consumer_offsets-2, dir=/var/folders/__/vswfnq756tb78469l9y7p7gm0000gp/T/spring.kafka.c097738a-2163-4221-b855-fca77bca96ae5379202968590304754] Loading producer state till offset 0 with message format version 2
2024-07-09T00:29:07.492-03:00  INFO 79319 --- [maxclubcard] [quest-handler-2] kafka.log.LogManager                     : Created log for partition __consumer_offsets-2 in /var/folders/__/vswfnq756tb78469l9y7p7gm0000gp/T/spring.kafka.c097738a-2163-4221-b855-fca77bca96ae5379202968590304754/__consumer_offsets-2 with properties {cleanup.policy=compact, compression.type="producer", segment.bytes=104857600}
2024-07-09T00:29:07.492-03:00  INFO 79319 --- [maxclubcard] [quest-handler-2] kafka.cluster.Partition                  : [Partition __consumer_offsets-2 broker=0] No checkpointed highwatermark is found for partition __consumer_offsets-2
2024-07-09T00:29:07.493-03:00  INFO 79319 --- [maxclubcard] [quest-handler-2] kafka.cluster.Partition                  : [Partition __consumer_offsets-2 broker=0] Log loaded for partition __consumer_offsets-2 with initial high watermark 0
2024-07-09T00:29:07.493-03:00  INFO 79319 --- [maxclubcard] [quest-handler-2] state.change.logger                      : [Broker id=0] Leader __consumer_offsets-2 with topic id Some(yB7Og6sSRCGrMZdQ0s8ZfA) starts at leader epoch 0 from offset 0 with partition epoch 0, high watermark 0, ISR [0], adding replicas [] and removing replicas [] . Previous leader None and previous leader epoch was -1.
2024-07-09T00:29:07.530-03:00  INFO 79319 --- [maxclubcard] [card-producer-1] o.a.k.c.p.internals.TransactionManager   : [Producer clientId=maxclubcard-producer-1] ProducerId set to 0 with epoch 0
2024-07-09T00:29:07.544-03:00  INFO 79319 --- [maxclubcard] [quest-handler-2] kafka.log.UnifiedLog$                    : [LogLoader partition=__consumer_offsets-4, dir=/var/folders/__/vswfnq756tb78469l9y7p7gm0000gp/T/spring.kafka.c097738a-2163-4221-b855-fca77bca96ae5379202968590304754] Loading producer state till offset 0 with message format version 2
2024-07-09T00:29:07.545-03:00  INFO 79319 --- [maxclubcard] [quest-handler-2] kafka.log.LogManager                     : Created log for partition __consumer_offsets-4 in /var/folders/__/vswfnq756tb78469l9y7p7gm0000gp/T/spring.kafka.c097738a-2163-4221-b855-fca77bca96ae5379202968590304754/__consumer_offsets-4 with properties {cleanup.policy=compact, compression.type="producer", segment.bytes=104857600}
2024-07-09T00:29:07.545-03:00  INFO 79319 --- [maxclubcard] [quest-handler-2] kafka.cluster.Partition                  : [Partition __consumer_offsets-4 broker=0] No checkpointed highwatermark is found for partition __consumer_offsets-4
2024-07-09T00:29:07.545-03:00  INFO 79319 --- [maxclubcard] [quest-handler-2] kafka.cluster.Partition                  : [Partition __consumer_offsets-4 broker=0] Log loaded for partition __consumer_offsets-4 with initial high watermark 0
2024-07-09T00:29:07.545-03:00  INFO 79319 --- [maxclubcard] [quest-handler-2] state.change.logger                      : [Broker id=0] Leader __consumer_offsets-4 with topic id Some(yB7Og6sSRCGrMZdQ0s8ZfA) starts at leader epoch 0 from offset 0 with partition epoch 0, high watermark 0, ISR [0], adding replicas [] and removing replicas [] . Previous leader None and previous leader epoch was -1.
2024-07-09T00:29:07.600-03:00  INFO 79319 --- [maxclubcard] [quest-handler-2] kafka.log.UnifiedLog$                    : [LogLoader partition=__consumer_offsets-1, dir=/var/folders/__/vswfnq756tb78469l9y7p7gm0000gp/T/spring.kafka.c097738a-2163-4221-b855-fca77bca96ae5379202968590304754] Loading producer state till offset 0 with message format version 2
2024-07-09T00:29:07.601-03:00  INFO 79319 --- [maxclubcard] [quest-handler-2] kafka.log.LogManager                     : Created log for partition __consumer_offsets-1 in /var/folders/__/vswfnq756tb78469l9y7p7gm0000gp/T/spring.kafka.c097738a-2163-4221-b855-fca77bca96ae5379202968590304754/__consumer_offsets-1 with properties {cleanup.policy=compact, compression.type="producer", segment.bytes=104857600}
2024-07-09T00:29:07.601-03:00  INFO 79319 --- [maxclubcard] [quest-handler-2] kafka.cluster.Partition                  : [Partition __consumer_offsets-1 broker=0] No checkpointed highwatermark is found for partition __consumer_offsets-1
2024-07-09T00:29:07.601-03:00  INFO 79319 --- [maxclubcard] [quest-handler-2] kafka.cluster.Partition                  : [Partition __consumer_offsets-1 broker=0] Log loaded for partition __consumer_offsets-1 with initial high watermark 0
2024-07-09T00:29:07.602-03:00  INFO 79319 --- [maxclubcard] [quest-handler-2] state.change.logger                      : [Broker id=0] Leader __consumer_offsets-1 with topic id Some(yB7Og6sSRCGrMZdQ0s8ZfA) starts at leader epoch 0 from offset 0 with partition epoch 0, high watermark 0, ISR [0], adding replicas [] and removing replicas [] . Previous leader None and previous leader epoch was -1.
2024-07-09T00:29:07.655-03:00  INFO 79319 --- [maxclubcard] [quest-handler-2] kafka.log.UnifiedLog$                    : [LogLoader partition=__consumer_offsets-0, dir=/var/folders/__/vswfnq756tb78469l9y7p7gm0000gp/T/spring.kafka.c097738a-2163-4221-b855-fca77bca96ae5379202968590304754] Loading producer state till offset 0 with message format version 2
2024-07-09T00:29:07.657-03:00  INFO 79319 --- [maxclubcard] [quest-handler-2] kafka.log.LogManager                     : Created log for partition __consumer_offsets-0 in /var/folders/__/vswfnq756tb78469l9y7p7gm0000gp/T/spring.kafka.c097738a-2163-4221-b855-fca77bca96ae5379202968590304754/__consumer_offsets-0 with properties {cleanup.policy=compact, compression.type="producer", segment.bytes=104857600}
2024-07-09T00:29:07.657-03:00  INFO 79319 --- [maxclubcard] [quest-handler-2] kafka.cluster.Partition                  : [Partition __consumer_offsets-0 broker=0] No checkpointed highwatermark is found for partition __consumer_offsets-0
2024-07-09T00:29:07.657-03:00  INFO 79319 --- [maxclubcard] [quest-handler-2] kafka.cluster.Partition                  : [Partition __consumer_offsets-0 broker=0] Log loaded for partition __consumer_offsets-0 with initial high watermark 0
2024-07-09T00:29:07.657-03:00  INFO 79319 --- [maxclubcard] [quest-handler-2] state.change.logger                      : [Broker id=0] Leader __consumer_offsets-0 with topic id Some(yB7Og6sSRCGrMZdQ0s8ZfA) starts at leader epoch 0 from offset 0 with partition epoch 0, high watermark 0, ISR [0], adding replicas [] and removing replicas [] . Previous leader None and previous leader epoch was -1.
2024-07-09T00:29:07.697-03:00  INFO 79319 --- [maxclubcard] [quest-handler-2] k.coordinator.group.GroupCoordinator     : [GroupCoordinator 0]: Elected as the group coordinator for partition 3 in epoch 0
2024-07-09T00:29:07.698-03:00  INFO 79319 --- [maxclubcard] [quest-handler-2] k.c.group.GroupMetadataManager           : [GroupMetadataManager brokerId=0] Scheduling loading of offsets and group metadata from __consumer_offsets-3 for epoch 0
2024-07-09T00:29:07.700-03:00  INFO 79319 --- [maxclubcard] [quest-handler-2] k.coordinator.group.GroupCoordinator     : [GroupCoordinator 0]: Elected as the group coordinator for partition 2 in epoch 0
2024-07-09T00:29:07.700-03:00  INFO 79319 --- [maxclubcard] [quest-handler-2] k.c.group.GroupMetadataManager           : [GroupMetadataManager brokerId=0] Scheduling loading of offsets and group metadata from __consumer_offsets-2 for epoch 0
2024-07-09T00:29:07.700-03:00  INFO 79319 --- [maxclubcard] [quest-handler-2] k.coordinator.group.GroupCoordinator     : [GroupCoordinator 0]: Elected as the group coordinator for partition 4 in epoch 0
2024-07-09T00:29:07.700-03:00  INFO 79319 --- [maxclubcard] [quest-handler-2] k.c.group.GroupMetadataManager           : [GroupMetadataManager brokerId=0] Scheduling loading of offsets and group metadata from __consumer_offsets-4 for epoch 0
2024-07-09T00:29:07.700-03:00  INFO 79319 --- [maxclubcard] [quest-handler-2] k.coordinator.group.GroupCoordinator     : [GroupCoordinator 0]: Elected as the group coordinator for partition 1 in epoch 0
2024-07-09T00:29:07.700-03:00  INFO 79319 --- [maxclubcard] [quest-handler-2] k.c.group.GroupMetadataManager           : [GroupMetadataManager brokerId=0] Scheduling loading of offsets and group metadata from __consumer_offsets-1 for epoch 0
2024-07-09T00:29:07.700-03:00  INFO 79319 --- [maxclubcard] [quest-handler-2] k.coordinator.group.GroupCoordinator     : [GroupCoordinator 0]: Elected as the group coordinator for partition 0 in epoch 0
2024-07-09T00:29:07.700-03:00  INFO 79319 --- [maxclubcard] [quest-handler-2] k.c.group.GroupMetadataManager           : [GroupMetadataManager brokerId=0] Scheduling loading of offsets and group metadata from __consumer_offsets-0 for epoch 0
2024-07-09T00:29:07.701-03:00  INFO 79319 --- [maxclubcard] [quest-handler-2] state.change.logger                      : [Broker id=0] Finished LeaderAndIsr request in 283ms correlationId 3 from controller 0 for 5 partitions
2024-07-09T00:29:07.705-03:00  INFO 79319 --- [maxclubcard] [quest-handler-6] state.change.logger                      : [Broker id=0] Add 5 partitions and deleted 0 partitions from metadata cache in response to UpdateMetadata request sent by controller 0 epoch 1 with correlation id 4
2024-07-09T00:29:07.707-03:00  INFO 79319 --- [maxclubcard] [adata-manager-0] k.c.group.GroupMetadataManager           : [GroupMetadataManager brokerId=0] Finished loading offsets and group metadata from __consumer_offsets-3 in 6 milliseconds for epoch 0, of which 2 milliseconds was spent in the scheduler.
2024-07-09T00:29:07.708-03:00  INFO 79319 --- [maxclubcard] [adata-manager-0] k.c.group.GroupMetadataManager           : [GroupMetadataManager brokerId=0] Finished loading offsets and group metadata from __consumer_offsets-2 in 8 milliseconds for epoch 0, of which 8 milliseconds was spent in the scheduler.
2024-07-09T00:29:07.708-03:00  INFO 79319 --- [maxclubcard] [adata-manager-0] k.c.group.GroupMetadataManager           : [GroupMetadataManager brokerId=0] Finished loading offsets and group metadata from __consumer_offsets-4 in 8 milliseconds for epoch 0, of which 8 milliseconds was spent in the scheduler.
2024-07-09T00:29:07.709-03:00  INFO 79319 --- [maxclubcard] [adata-manager-0] k.c.group.GroupMetadataManager           : [GroupMetadataManager brokerId=0] Finished loading offsets and group metadata from __consumer_offsets-1 in 9 milliseconds for epoch 0, of which 9 milliseconds was spent in the scheduler.
2024-07-09T00:29:07.711-03:00  INFO 79319 --- [maxclubcard] [adata-manager-0] k.c.group.GroupMetadataManager           : [GroupMetadataManager brokerId=0] Finished loading offsets and group metadata from __consumer_offsets-0 in 10 milliseconds for epoch 0, of which 10 milliseconds was spent in the scheduler.
2024-07-09T00:29:08.026-03:00  INFO 79319 --- [maxclubcard] [ntainer#0-0-C-1] o.a.k.c.c.internals.ConsumerCoordinator  : [Consumer clientId=consumer-testGroup-1, groupId=testGroup] Discovered group coordinator localhost:61253 (id: 2147483647 rack: null)
2024-07-09T00:29:08.028-03:00  INFO 79319 --- [maxclubcard] [ntainer#0-0-C-1] o.a.k.c.c.internals.ConsumerCoordinator  : [Consumer clientId=consumer-testGroup-1, groupId=testGroup] (Re-)joining group
2024-07-09T00:29:08.050-03:00  INFO 79319 --- [maxclubcard] [quest-handler-0] k.coordinator.group.GroupCoordinator     : [GroupCoordinator 0]: Dynamic member with unknown member id joins group testGroup in Empty state. Created a new member id consumer-testGroup-1-495a3872-db5b-44a7-b0ab-89d55c2edea9 and request the member to rejoin with this id.
2024-07-09T00:29:08.055-03:00  INFO 79319 --- [maxclubcard] [ntainer#0-0-C-1] o.a.k.c.c.internals.ConsumerCoordinator  : [Consumer clientId=consumer-testGroup-1, groupId=testGroup] Request joining group due to: need to re-join with the given member-id: consumer-testGroup-1-495a3872-db5b-44a7-b0ab-89d55c2edea9
2024-07-09T00:29:08.055-03:00  INFO 79319 --- [maxclubcard] [ntainer#0-0-C-1] o.a.k.c.c.internals.ConsumerCoordinator  : [Consumer clientId=consumer-testGroup-1, groupId=testGroup] (Re-)joining group
2024-07-09T00:29:08.062-03:00  INFO 79319 --- [maxclubcard] [quest-handler-4] k.coordinator.group.GroupCoordinator     : [GroupCoordinator 0]: Preparing to rebalance group testGroup in state PreparingRebalance with old generation 0 (__consumer_offsets-4) (reason: Adding new member consumer-testGroup-1-495a3872-db5b-44a7-b0ab-89d55c2edea9 with group instance id None; client reason: need to re-join with the given member-id: consumer-testGroup-1-495a3872-db5b-44a7-b0ab-89d55c2edea9)
2024-07-09T00:29:08.068-03:00  INFO 79319 --- [maxclubcard] [cutor-Rebalance] k.coordinator.group.GroupCoordinator     : [GroupCoordinator 0]: Stabilized group testGroup generation 1 (__consumer_offsets-4) with 1 members
2024-07-09T00:29:08.070-03:00  INFO 79319 --- [maxclubcard] [ntainer#0-0-C-1] o.a.k.c.c.internals.ConsumerCoordinator  : [Consumer clientId=consumer-testGroup-1, groupId=testGroup] Successfully joined group with generation Generation{generationId=1, memberId='consumer-testGroup-1-495a3872-db5b-44a7-b0ab-89d55c2edea9', protocol='range'}
2024-07-09T00:29:08.077-03:00  INFO 79319 --- [maxclubcard] [ntainer#0-0-C-1] o.a.k.c.c.internals.ConsumerCoordinator  : [Consumer clientId=consumer-testGroup-1, groupId=testGroup] Finished assignment for group at generation 1: {consumer-testGroup-1-495a3872-db5b-44a7-b0ab-89d55c2edea9=Assignment(partitions=[testTopic-0])}
2024-07-09T00:29:08.086-03:00  INFO 79319 --- [maxclubcard] [quest-handler-7] k.coordinator.group.GroupCoordinator     : [GroupCoordinator 0]: Assignment received from leader consumer-testGroup-1-495a3872-db5b-44a7-b0ab-89d55c2edea9 for group testGroup for generation 1. The group has 1 members, 0 of which are static.
2024-07-09T00:29:08.100-03:00  INFO 79319 --- [maxclubcard] [ntainer#0-0-C-1] o.a.k.c.c.internals.ConsumerCoordinator  : [Consumer clientId=consumer-testGroup-1, groupId=testGroup] Successfully synced group in generation Generation{generationId=1, memberId='consumer-testGroup-1-495a3872-db5b-44a7-b0ab-89d55c2edea9', protocol='range'}
2024-07-09T00:29:08.100-03:00  INFO 79319 --- [maxclubcard] [ntainer#0-0-C-1] o.a.k.c.c.internals.ConsumerCoordinator  : [Consumer clientId=consumer-testGroup-1, groupId=testGroup] Notifying assignor about the new Assignment(partitions=[testTopic-0])
2024-07-09T00:29:08.103-03:00  INFO 79319 --- [maxclubcard] [ntainer#0-0-C-1] k.c.c.i.ConsumerRebalanceListenerInvoker : [Consumer clientId=consumer-testGroup-1, groupId=testGroup] Adding newly assigned partitions: testTopic-0
2024-07-09T00:29:08.116-03:00  INFO 79319 --- [maxclubcard] [ntainer#0-0-C-1] o.a.k.c.c.internals.ConsumerCoordinator  : [Consumer clientId=consumer-testGroup-1, groupId=testGroup] Found no committed offset for partition testTopic-0
2024-07-09T00:29:08.128-03:00  INFO 79319 --- [maxclubcard] [ntainer#0-0-C-1] o.a.k.c.c.internals.SubscriptionState    : [Consumer clientId=consumer-testGroup-1, groupId=testGroup] Resetting offset for partition testTopic-0 to position FetchPosition{offset=0, offsetEpoch=Optional.empty, currentLeader=LeaderAndEpoch{leader=Optional[localhost:61253 (id: 0 rack: null)], epoch=0}}.
2024-07-09T00:29:08.129-03:00  INFO 79319 --- [maxclubcard] [ntainer#0-0-C-1] o.s.k.l.KafkaMessageListenerContainer    : testGroup: partitions assigned: [testTopic-0]
]]></system-out>
  <system-err><![CDATA[]]></system-err>
</testsuite>
